{"contracts/FuturXe.sol":{"l":{"29":34,"34":0,"36":0,"40":0,"64":34,"65":34,"66":34,"67":34,"68":34,"73":7,"80":5,"83":5,"85":4,"88":4,"90":4,"93":4,"95":4,"103":8,"106":8,"109":8,"112":2,"114":2,"115":2,"116":2,"119":2,"121":2,"126":9,"131":9,"132":9,"133":9,"138":0,"139":0,"141":0,"142":0,"147":0,"148":0,"153":0,"158":0,"163":0},"path":"/home/honeybadger/playground/consensys_unittest/test/FuturXe/contracts/FuturXe.sol","s":{"1":34,"2":0,"3":0,"4":34,"5":34,"6":34,"7":34,"8":34,"9":7,"10":5,"11":0,"12":5,"13":1,"14":4,"15":0,"16":4,"17":4,"18":4,"19":4,"20":8,"21":0,"22":8,"23":0,"24":8,"25":6,"26":2,"27":0,"28":2,"29":2,"30":2,"31":2,"32":2,"33":9,"34":9,"35":9,"36":9,"37":0,"38":0,"39":0,"40":0,"41":0,"42":0,"43":0,"44":0,"45":0},"b":{"1":[0,0],"2":[0,5],"3":[1,4],"4":[0,4],"5":[0,8],"6":[0,8],"7":[6,2],"8":[0,2]},"f":{"1":34,"2":0,"3":0,"4":34,"5":7,"6":5,"7":8,"8":9,"9":9,"10":0,"11":0,"12":0,"13":0,"14":0},"fnMap":{"1":{"name":"constructor","line":28,"loc":{"start":{"line":28,"column":4},"end":{"line":28,"column":18}}},"2":{"name":"onlyOwner","line":33,"loc":{"start":{"line":33,"column":4},"end":{"line":33,"column":22}}},"3":{"name":"transferOwnership","line":39,"loc":{"start":{"line":39,"column":4},"end":{"line":39,"column":57}}},"4":{"name":"constructor","line":63,"loc":{"start":{"line":63,"column":4},"end":{"line":63,"column":88}}},"5":{"name":"balanceOf","line":72,"loc":{"start":{"line":72,"column":4},"end":{"line":72,"column":71}}},"6":{"name":"transfer","line":77,"loc":{"start":{"line":77,"column":4},"end":{"line":77,"column":66}}},"7":{"name":"transferFrom","line":100,"loc":{"start":{"line":100,"column":4},"end":{"line":100,"column":84}}},"8":{"name":"allowance","line":125,"loc":{"start":{"line":125,"column":4},"end":{"line":125,"column":91}}},"9":{"name":"approve","line":130,"loc":{"start":{"line":130,"column":4},"end":{"line":130,"column":76}}},"10":{"name":"mintToken","line":137,"loc":{"start":{"line":137,"column":4},"end":{"line":137,"column":67}}},"11":{"name":"freezeAccount","line":146,"loc":{"start":{"line":146,"column":4},"end":{"line":146,"column":63}}},"12":{"name":"changeName","line":152,"loc":{"start":{"line":152,"column":4},"end":{"line":152,"column":45}}},"13":{"name":"changeSymbol","line":157,"loc":{"start":{"line":157,"column":4},"end":{"line":157,"column":49}}},"14":{"name":"changeDecimals","line":162,"loc":{"start":{"line":162,"column":4},"end":{"line":162,"column":52}}}},"statementMap":{"1":{"start":{"line":29,"column":8},"end":{"line":29,"column":25}},"2":{"start":{"line":34,"column":8},"end":{"line":34,"column":37}},"3":{"start":{"line":40,"column":8},"end":{"line":40,"column":24}},"4":{"start":{"line":64,"column":8},"end":{"line":64,"column":45}},"5":{"start":{"line":65,"column":8},"end":{"line":65,"column":36}},"6":{"start":{"line":66,"column":8},"end":{"line":66,"column":38}},"7":{"start":{"line":67,"column":8},"end":{"line":67,"column":39}},"8":{"start":{"line":68,"column":8},"end":{"line":68,"column":45}},"9":{"start":{"line":73,"column":8},"end":{"line":73,"column":31}},"10":{"start":{"line":80,"column":8},"end":{"line":80,"column":51}},"11":{"start":{"line":80,"column":39},"end":{"line":80,"column":51}},"12":{"start":{"line":83,"column":8},"end":{"line":83,"column":53}},"13":{"start":{"line":83,"column":41},"end":{"line":83,"column":53}},"14":{"start":{"line":85,"column":8},"end":{"line":85,"column":60}},"15":{"start":{"line":85,"column":48},"end":{"line":85,"column":60}},"16":{"start":{"line":88,"column":8},"end":{"line":88,"column":36}},"17":{"start":{"line":90,"column":8},"end":{"line":90,"column":28}},"18":{"start":{"line":93,"column":8},"end":{"line":93,"column":38}},"19":{"start":{"line":95,"column":8},"end":{"line":95,"column":19}},"20":{"start":{"line":103,"column":8},"end":{"line":103,"column":51}},"21":{"start":{"line":103,"column":39},"end":{"line":103,"column":51}},"22":{"start":{"line":106,"column":8},"end":{"line":106,"column":47}},"23":{"start":{"line":106,"column":35},"end":{"line":106,"column":47}},"24":{"start":{"line":109,"column":8},"end":{"line":109,"column":61}},"25":{"start":{"line":109,"column":49},"end":{"line":109,"column":61}},"26":{"start":{"line":112,"column":8},"end":{"line":112,"column":60}},"27":{"start":{"line":112,"column":48},"end":{"line":112,"column":60}},"28":{"start":{"line":114,"column":8},"end":{"line":114,"column":30}},"29":{"start":{"line":115,"column":8},"end":{"line":115,"column":41}},"30":{"start":{"line":116,"column":8},"end":{"line":116,"column":28}},"31":{"start":{"line":119,"column":8},"end":{"line":119,"column":32}},"32":{"start":{"line":121,"column":8},"end":{"line":121,"column":19}},"33":{"start":{"line":126,"column":8},"end":{"line":126,"column":40}},"34":{"start":{"line":131,"column":8},"end":{"line":131,"column":46}},"35":{"start":{"line":132,"column":8},"end":{"line":132,"column":46}},"36":{"start":{"line":133,"column":8},"end":{"line":133,"column":19}},"37":{"start":{"line":138,"column":8},"end":{"line":138,"column":39}},"38":{"start":{"line":139,"column":8},"end":{"line":139,"column":34}},"39":{"start":{"line":141,"column":8},"end":{"line":141,"column":37}},"40":{"start":{"line":142,"column":8},"end":{"line":142,"column":42}},"41":{"start":{"line":147,"column":8},"end":{"line":147,"column":37}},"42":{"start":{"line":148,"column":8},"end":{"line":148,"column":34}},"43":{"start":{"line":153,"column":8},"end":{"line":153,"column":19}},"44":{"start":{"line":158,"column":8},"end":{"line":158,"column":23}},"45":{"start":{"line":163,"column":8},"end":{"line":163,"column":27}}},"branchMap":{"1":{"line":34,"type":"if","locations":[{"start":{"line":34,"column":8},"end":{"line":34,"column":8}},{"start":{"line":34,"column":8},"end":{"line":34,"column":8}}]},"2":{"line":80,"type":"if","locations":[{"start":{"line":80,"column":8},"end":{"line":80,"column":8}},{"start":{"line":80,"column":8},"end":{"line":80,"column":8}}]},"3":{"line":83,"type":"if","locations":[{"start":{"line":83,"column":8},"end":{"line":83,"column":8}},{"start":{"line":83,"column":8},"end":{"line":83,"column":8}}]},"4":{"line":85,"type":"if","locations":[{"start":{"line":85,"column":8},"end":{"line":85,"column":8}},{"start":{"line":85,"column":8},"end":{"line":85,"column":8}}]},"5":{"line":103,"type":"if","locations":[{"start":{"line":103,"column":8},"end":{"line":103,"column":8}},{"start":{"line":103,"column":8},"end":{"line":103,"column":8}}]},"6":{"line":106,"type":"if","locations":[{"start":{"line":106,"column":8},"end":{"line":106,"column":8}},{"start":{"line":106,"column":8},"end":{"line":106,"column":8}}]},"7":{"line":109,"type":"if","locations":[{"start":{"line":109,"column":8},"end":{"line":109,"column":8}},{"start":{"line":109,"column":8},"end":{"line":109,"column":8}}]},"8":{"line":112,"type":"if","locations":[{"start":{"line":112,"column":8},"end":{"line":112,"column":8}},{"start":{"line":112,"column":8},"end":{"line":112,"column":8}}]}}}}