{"contracts/AmberToken.sol":{"l":{"27":0,"28":0,"34":0,"35":0,"67":0,"68":0,"69":0,"78":0,"79":0,"80":0,"89":0,"90":0,"91":0,"101":0,"102":0,"103":0,"110":0,"111":0,"112":0,"113":0,"114":0,"115":0,"125":0,"126":0,"127":0,"129":0,"139":0,"140":0,"141":0,"142":0,"144":0,"154":0,"155":0,"156":0,"158":0,"163":0,"171":0,"176":0,"177":0,"182":0,"183":0,"188":0,"189":0,"217":0,"290":0,"291":0,"292":0,"293":0,"308":0,"309":0,"312":0,"313":0,"314":0,"315":0,"316":0,"329":0,"342":0,"357":0,"358":0,"359":0,"360":0,"361":0,"371":0,"375":0,"378":0,"379":0,"381":0,"382":0,"384":0,"385":0,"387":0,"388":0,"390":0,"403":0,"404":0,"417":0,"418":0,"433":0,"434":0,"435":0,"451":0,"452":0,"453":0,"469":0,"470":0,"471":0,"485":0},"path":"/home/honeybadger/playground/consensys_unittest/contracts/AmberToken.sol","s":{"1":0,"2":0,"3":0,"4":0,"5":0,"6":0,"7":0,"8":0,"9":0,"10":0,"11":0,"12":0,"13":0,"14":0,"15":0,"16":0,"17":0,"18":0,"19":0,"20":0,"21":0,"22":0,"23":0,"24":0,"25":0,"26":0,"27":0,"28":0,"29":0,"30":0,"31":0,"32":0,"33":0,"34":0,"35":0,"36":0,"37":0,"38":0,"39":0,"40":0,"41":0,"42":0,"43":0,"44":0,"45":0,"46":0,"47":0,"48":0,"49":0,"50":0,"51":0,"52":0,"53":0,"54":0,"55":0,"56":0,"57":0,"58":0,"59":0,"60":0,"61":0,"62":0,"63":0,"64":0,"65":0,"66":0,"67":0,"68":0,"69":0,"70":0,"71":0,"72":0,"73":0,"74":0,"75":0,"76":0,"77":0,"78":0,"79":0,"80":0,"81":0,"82":0,"83":0,"84":0,"85":0,"86":0,"87":0,"88":0,"89":0,"90":0,"91":0,"92":0,"93":0,"94":0,"95":0,"96":0},"b":{"1":[0,0],"2":[0,0],"3":[0,0],"4":[0,0],"5":[0,0],"6":[0,0],"7":[0,0],"8":[0,0],"9":[0,0],"10":[0,0],"11":[0,0],"12":[0,0],"13":[0,0],"14":[0,0],"15":[0,0],"16":[0,0],"17":[0,0],"18":[0,0],"19":[0,0],"20":[0,0],"21":[0,0],"22":[0,0],"23":[0,0],"24":[0,0],"25":[0,0],"26":[0,0]},"f":{"1":0,"2":0,"3":0,"4":0,"5":0,"6":0,"7":0,"8":0,"9":0,"10":0,"11":0,"12":0,"13":0,"14":0,"15":0,"16":0,"17":0,"18":0,"19":0,"20":0,"21":0,"22":0,"23":0,"24":0,"25":0,"26":0,"27":0,"28":0,"29":0,"30":0,"31":0,"32":0,"33":0,"34":0,"35":0,"36":0,"37":0,"38":0,"39":0,"40":0,"41":0,"42":0},"fnMap":{"1":{"name":"only_owner","line":26,"loc":{"start":{"line":26,"column":1},"end":{"line":26,"column":21}}},"2":{"name":"setOwner","line":33,"loc":{"start":{"line":33,"column":1},"end":{"line":33,"column":44}}},"3":{"name":"constructor","line":59,"loc":{"start":{"line":59,"column":1},"end":{"line":59,"column":23}}},"4":{"name":"mint","line":63,"loc":{"start":{"line":63,"column":1},"end":{"line":66,"column":2}}},"5":{"name":"mintLocked","line":74,"loc":{"start":{"line":74,"column":1},"end":{"line":77,"column":2}}},"6":{"name":"finalise","line":85,"loc":{"start":{"line":85,"column":1},"end":{"line":88,"column":2}}},"7":{"name":"currentPhase","line":96,"loc":{"start":{"line":96,"column":1},"end":{"line":100,"column":2}}},"8":{"name":"unlockTokens","line":107,"loc":{"start":{"line":107,"column":1},"end":{"line":109,"column":2}}},"9":{"name":"transfer","line":120,"loc":{"start":{"line":120,"column":1},"end":{"line":124,"column":2}}},"10":{"name":"transferFrom","line":133,"loc":{"start":{"line":133,"column":1},"end":{"line":138,"column":2}}},"11":{"name":"approve","line":148,"loc":{"start":{"line":148,"column":1},"end":{"line":151,"column":2}}},"12":{"name":"balanceOf","line":162,"loc":{"start":{"line":162,"column":1},"end":{"line":162,"column":61}}},"13":{"name":"allowance","line":167,"loc":{"start":{"line":167,"column":1},"end":{"line":170,"column":2}}},"14":{"name":"when_owns","line":175,"loc":{"start":{"line":175,"column":1},"end":{"line":175,"column":50}}},"15":{"name":"when_has_allowance","line":181,"loc":{"start":{"line":181,"column":1},"end":{"line":181,"column":77}}},"16":{"name":"when_liquid","line":187,"loc":{"start":{"line":187,"column":1},"end":{"line":187,"column":22}}},"17":{"name":"constructor","line":216,"loc":{"start":{"line":216,"column":1},"end":{"line":216,"column":25}}},"18":{"name":"only_admin","line":221,"loc":{"start":{"line":221,"column":1},"end":{"line":221,"column":21}}},"19":{"name":"only_prepurchaser","line":223,"loc":{"start":{"line":223,"column":1},"end":{"line":223,"column":28}}},"20":{"name":"is_valid_buyin","line":226,"loc":{"start":{"line":226,"column":1},"end":{"line":226,"column":25}}},"21":{"name":"is_under_cap_with","line":228,"loc":{"start":{"line":228,"column":1},"end":{"line":228,"column":40}}},"22":{"name":"only_certified","line":230,"loc":{"start":{"line":230,"column":1},"end":{"line":230,"column":38}}},"23":{"name":"only_before_period","line":242,"loc":{"start":{"line":242,"column":1},"end":{"line":242,"column":29}}},"24":{"name":"only_during_period","line":244,"loc":{"start":{"line":244,"column":1},"end":{"line":244,"column":29}}},"25":{"name":"only_during_paused_period","line":246,"loc":{"start":{"line":246,"column":1},"end":{"line":246,"column":36}}},"26":{"name":"only_after_sale","line":248,"loc":{"start":{"line":248,"column":1},"end":{"line":248,"column":26}}},"27":{"name":"when_allocations_uninitialised","line":258,"loc":{"start":{"line":258,"column":1},"end":{"line":258,"column":41}}},"28":{"name":"when_allocatable_liquid","line":260,"loc":{"start":{"line":260,"column":1},"end":{"line":260,"column":47}}},"29":{"name":"when_allocatable_locked","line":262,"loc":{"start":{"line":262,"column":1},"end":{"line":262,"column":47}}},"30":{"name":"when_allocations_complete","line":264,"loc":{"start":{"line":264,"column":1},"end":{"line":264,"column":36}}},"31":{"name":"notePrepurchase","line":284,"loc":{"start":{"line":284,"column":1},"end":{"line":288,"column":2}}},"32":{"name":"specialPurchase","line":302,"loc":{"start":{"line":302,"column":1},"end":{"line":307,"column":2}}},"33":{"name":"","line":324,"loc":{"start":{"line":324,"column":1},"end":{"line":328,"column":2}}},"34":{"name":"purchaseTo","line":337,"loc":{"start":{"line":337,"column":1},"end":{"line":341,"column":2}}},"35":{"name":"processPurchase","line":350,"loc":{"start":{"line":350,"column":1},"end":{"line":355,"column":2}}},"36":{"name":"buyinReturn","line":365,"loc":{"start":{"line":365,"column":1},"end":{"line":369,"column":2}}},"37":{"name":"pause","line":398,"loc":{"start":{"line":398,"column":1},"end":{"line":402,"column":2}}},"38":{"name":"unpause","line":412,"loc":{"start":{"line":412,"column":1},"end":{"line":416,"column":2}}},"39":{"name":"initialiseAllocations","line":428,"loc":{"start":{"line":428,"column":1},"end":{"line":432,"column":2}}},"40":{"name":"allocateLiquid","line":445,"loc":{"start":{"line":445,"column":1},"end":{"line":449,"column":2}}},"41":{"name":"allocateLocked","line":463,"loc":{"start":{"line":463,"column":1},"end":{"line":467,"column":2}}},"42":{"name":"finalise","line":481,"loc":{"start":{"line":481,"column":1},"end":{"line":484,"column":2}}}},"statementMap":{"1":{"start":{"line":27,"column":2},"end":{"line":27,"column":30}},"2":{"start":{"line":34,"column":2},"end":{"line":34,"column":22}},"3":{"start":{"line":35,"column":2},"end":{"line":35,"column":13}},"4":{"start":{"line":67,"column":2},"end":{"line":67,"column":33}},"5":{"start":{"line":68,"column":2},"end":{"line":68,"column":22}},"6":{"start":{"line":69,"column":2},"end":{"line":69,"column":21}},"7":{"start":{"line":78,"column":2},"end":{"line":78,"column":56}},"8":{"start":{"line":79,"column":2},"end":{"line":79,"column":22}},"9":{"start":{"line":80,"column":2},"end":{"line":80,"column":27}},"10":{"start":{"line":89,"column":2},"end":{"line":89,"column":15}},"11":{"start":{"line":90,"column":2},"end":{"line":90,"column":10}},"12":{"start":{"line":91,"column":2},"end":{"line":91,"column":17}},"13":{"start":{"line":101,"column":2},"end":{"line":101,"column":25}},"14":{"start":{"line":102,"column":2},"end":{"line":102,"column":46}},"15":{"start":{"line":103,"column":2},"end":{"line":103,"column":46}},"16":{"start":{"line":110,"column":2},"end":{"line":110,"column":29}},"17":{"start":{"line":111,"column":2},"end":{"line":111,"column":45}},"18":{"start":{"line":112,"column":2},"end":{"line":112,"column":43}},"19":{"start":{"line":113,"column":2},"end":{"line":113,"column":3251}},"20":{"start":{"line":114,"column":3},"end":{"line":114,"column":56}},"21":{"start":{"line":115,"column":3},"end":{"line":115,"column":34}},"22":{"start":{"line":125,"column":2},"end":{"line":125,"column":34}},"23":{"start":{"line":126,"column":2},"end":{"line":126,"column":39}},"24":{"start":{"line":127,"column":2},"end":{"line":127,"column":32}},"25":{"start":{"line":129,"column":2},"end":{"line":129,"column":13}},"26":{"start":{"line":139,"column":2},"end":{"line":139,"column":29}},"27":{"start":{"line":140,"column":2},"end":{"line":140,"column":50}},"28":{"start":{"line":141,"column":2},"end":{"line":141,"column":34}},"29":{"start":{"line":142,"column":2},"end":{"line":142,"column":32}},"30":{"start":{"line":144,"column":2},"end":{"line":144,"column":13}},"31":{"start":{"line":154,"column":2},"end":{"line":154,"column":73}},"32":{"start":{"line":155,"column":2},"end":{"line":155,"column":39}},"33":{"start":{"line":156,"column":2},"end":{"line":156,"column":52}},"34":{"start":{"line":158,"column":2},"end":{"line":158,"column":13}},"35":{"start":{"line":163,"column":2},"end":{"line":163,"column":31}},"36":{"start":{"line":171,"column":2},"end":{"line":171,"column":47}},"37":{"start":{"line":176,"column":2},"end":{"line":176,"column":46}},"38":{"start":{"line":182,"column":2},"end":{"line":182,"column":60}},"39":{"start":{"line":188,"column":2},"end":{"line":188,"column":18}},"40":{"start":{"line":217,"column":2},"end":{"line":217,"column":26}},"41":{"start":{"line":221,"column":23},"end":{"line":221,"column":59}},"42":{"start":{"line":223,"column":30},"end":{"line":223,"column":65}},"43":{"start":{"line":226,"column":27},"end":{"line":226,"column":102}},"44":{"start":{"line":228,"column":42},"end":{"line":228,"column":85}},"45":{"start":{"line":230,"column":40},"end":{"line":230,"column":73}},"46":{"start":{"line":242,"column":31},"end":{"line":242,"column":56}},"47":{"start":{"line":244,"column":31},"end":{"line":244,"column":88}},"48":{"start":{"line":246,"column":38},"end":{"line":246,"column":94}},"49":{"start":{"line":248,"column":28},"end":{"line":248,"column":82}},"50":{"start":{"line":258,"column":43},"end":{"line":258,"column":75}},"51":{"start":{"line":260,"column":49},"end":{"line":260,"column":85}},"52":{"start":{"line":262,"column":49},"end":{"line":262,"column":85}},"53":{"start":{"line":264,"column":38},"end":{"line":264,"column":121}},"54":{"start":{"line":290,"column":2},"end":{"line":290,"column":30}},"55":{"start":{"line":291,"column":2},"end":{"line":291,"column":26}},"56":{"start":{"line":292,"column":2},"end":{"line":292,"column":24}},"57":{"start":{"line":293,"column":2},"end":{"line":293,"column":43}},"58":{"start":{"line":308,"column":2},"end":{"line":308,"column":54}},"59":{"start":{"line":309,"column":2},"end":{"line":309,"column":21}},"60":{"start":{"line":312,"column":2},"end":{"line":312,"column":32}},"61":{"start":{"line":313,"column":2},"end":{"line":313,"column":29}},"62":{"start":{"line":314,"column":2},"end":{"line":314,"column":25}},"63":{"start":{"line":315,"column":2},"end":{"line":315,"column":20}},"64":{"start":{"line":316,"column":2},"end":{"line":316,"column":48}},"65":{"start":{"line":329,"column":2},"end":{"line":329,"column":28}},"66":{"start":{"line":342,"column":2},"end":{"line":342,"column":28}},"67":{"start":{"line":357,"column":2},"end":{"line":357,"column":52}},"68":{"start":{"line":358,"column":2},"end":{"line":358,"column":29}},"69":{"start":{"line":359,"column":2},"end":{"line":359,"column":25}},"70":{"start":{"line":360,"column":2},"end":{"line":360,"column":40}},"71":{"start":{"line":361,"column":2},"end":{"line":361,"column":33}},"72":{"start":{"line":371,"column":2},"end":{"line":371,"column":11392}},"73":{"start":{"line":375,"column":3},"end":{"line":375,"column":32}},"74":{"start":{"line":378,"column":2},"end":{"line":378,"column":11575}},"75":{"start":{"line":379,"column":3},"end":{"line":379,"column":24}},"76":{"start":{"line":381,"column":2},"end":{"line":381,"column":11654}},"77":{"start":{"line":382,"column":3},"end":{"line":382,"column":22}},"78":{"start":{"line":384,"column":2},"end":{"line":384,"column":11733}},"79":{"start":{"line":385,"column":3},"end":{"line":385,"column":22}},"80":{"start":{"line":387,"column":2},"end":{"line":387,"column":11812}},"81":{"start":{"line":388,"column":3},"end":{"line":388,"column":22}},"82":{"start":{"line":390,"column":2},"end":{"line":390,"column":10}},"83":{"start":{"line":403,"column":2},"end":{"line":403,"column":16}},"84":{"start":{"line":404,"column":2},"end":{"line":404,"column":9}},"85":{"start":{"line":417,"column":2},"end":{"line":417,"column":17}},"86":{"start":{"line":418,"column":2},"end":{"line":418,"column":11}},"87":{"start":{"line":433,"column":2},"end":{"line":433,"column":30}},"88":{"start":{"line":434,"column":2},"end":{"line":434,"column":77}},"89":{"start":{"line":435,"column":2},"end":{"line":435,"column":77}},"90":{"start":{"line":451,"column":2},"end":{"line":451,"column":26}},"91":{"start":{"line":452,"column":2},"end":{"line":452,"column":28}},"92":{"start":{"line":453,"column":2},"end":{"line":453,"column":30}},"93":{"start":{"line":469,"column":2},"end":{"line":469,"column":32}},"94":{"start":{"line":470,"column":2},"end":{"line":470,"column":28}},"95":{"start":{"line":471,"column":2},"end":{"line":471,"column":31}},"96":{"start":{"line":485,"column":2},"end":{"line":485,"column":18}}},"branchMap":{"1":{"line":27,"type":"if","locations":[{"start":{"line":27,"column":2},"end":{"line":27,"column":2}},{"start":{"line":27,"column":2},"end":{"line":27,"column":2}}]},"2":{"line":101,"type":"if","locations":[{"start":{"line":101,"column":2},"end":{"line":101,"column":2}},{"start":{"line":101,"column":2},"end":{"line":101,"column":2}}]},"3":{"line":113,"type":"if","locations":[{"start":{"line":113,"column":2},"end":{"line":113,"column":2}},{"start":{"line":113,"column":2},"end":{"line":113,"column":2}}]},"4":{"line":154,"type":"if","locations":[{"start":{"line":154,"column":2},"end":{"line":154,"column":2}},{"start":{"line":154,"column":2},"end":{"line":154,"column":2}}]},"5":{"line":176,"type":"if","locations":[{"start":{"line":176,"column":2},"end":{"line":176,"column":2}},{"start":{"line":176,"column":2},"end":{"line":176,"column":2}}]},"6":{"line":182,"type":"if","locations":[{"start":{"line":182,"column":2},"end":{"line":182,"column":2}},{"start":{"line":182,"column":2},"end":{"line":182,"column":2}}]},"7":{"line":188,"type":"if","locations":[{"start":{"line":188,"column":2},"end":{"line":188,"column":2}},{"start":{"line":188,"column":2},"end":{"line":188,"column":2}}]},"8":{"line":221,"type":"if","locations":[{"start":{"line":221,"column":23},"end":{"line":221,"column":23}},{"start":{"line":221,"column":23},"end":{"line":221,"column":23}}]},"9":{"line":223,"type":"if","locations":[{"start":{"line":223,"column":30},"end":{"line":223,"column":30}},{"start":{"line":223,"column":30},"end":{"line":223,"column":30}}]},"10":{"line":226,"type":"if","locations":[{"start":{"line":226,"column":27},"end":{"line":226,"column":27}},{"start":{"line":226,"column":27},"end":{"line":226,"column":27}}]},"11":{"line":228,"type":"if","locations":[{"start":{"line":228,"column":42},"end":{"line":228,"column":42}},{"start":{"line":228,"column":42},"end":{"line":228,"column":42}}]},"12":{"line":230,"type":"if","locations":[{"start":{"line":230,"column":40},"end":{"line":230,"column":40}},{"start":{"line":230,"column":40},"end":{"line":230,"column":40}}]},"13":{"line":242,"type":"if","locations":[{"start":{"line":242,"column":31},"end":{"line":242,"column":31}},{"start":{"line":242,"column":31},"end":{"line":242,"column":31}}]},"14":{"line":244,"type":"if","locations":[{"start":{"line":244,"column":31},"end":{"line":244,"column":31}},{"start":{"line":244,"column":31},"end":{"line":244,"column":31}}]},"15":{"line":246,"type":"if","locations":[{"start":{"line":246,"column":38},"end":{"line":246,"column":38}},{"start":{"line":246,"column":38},"end":{"line":246,"column":38}}]},"16":{"line":248,"type":"if","locations":[{"start":{"line":248,"column":28},"end":{"line":248,"column":28}},{"start":{"line":248,"column":28},"end":{"line":248,"column":28}}]},"17":{"line":258,"type":"if","locations":[{"start":{"line":258,"column":43},"end":{"line":258,"column":43}},{"start":{"line":258,"column":43},"end":{"line":258,"column":43}}]},"18":{"line":260,"type":"if","locations":[{"start":{"line":260,"column":49},"end":{"line":260,"column":49}},{"start":{"line":260,"column":49},"end":{"line":260,"column":49}}]},"19":{"line":262,"type":"if","locations":[{"start":{"line":262,"column":49},"end":{"line":262,"column":49}},{"start":{"line":262,"column":49},"end":{"line":262,"column":49}}]},"20":{"line":264,"type":"if","locations":[{"start":{"line":264,"column":38},"end":{"line":264,"column":38}},{"start":{"line":264,"column":38},"end":{"line":264,"column":38}}]},"21":{"line":309,"type":"if","locations":[{"start":{"line":309,"column":2},"end":{"line":309,"column":2}},{"start":{"line":309,"column":2},"end":{"line":309,"column":2}}]},"22":{"line":371,"type":"if","locations":[{"start":{"line":371,"column":2},"end":{"line":371,"column":2}},{"start":{"line":371,"column":2},"end":{"line":371,"column":2}}]},"23":{"line":378,"type":"if","locations":[{"start":{"line":378,"column":2},"end":{"line":378,"column":2}},{"start":{"line":378,"column":2},"end":{"line":378,"column":2}}]},"24":{"line":381,"type":"if","locations":[{"start":{"line":381,"column":2},"end":{"line":381,"column":2}},{"start":{"line":381,"column":2},"end":{"line":381,"column":2}}]},"25":{"line":384,"type":"if","locations":[{"start":{"line":384,"column":2},"end":{"line":384,"column":2}},{"start":{"line":384,"column":2},"end":{"line":384,"column":2}}]},"26":{"line":387,"type":"if","locations":[{"start":{"line":387,"column":2},"end":{"line":387,"column":2}},{"start":{"line":387,"column":2},"end":{"line":387,"column":2}}]}}},"contracts/BitAseanToken.sol":{"l":{"11":34,"15":0,"16":0,"49":34,"50":34,"51":34,"52":34,"53":34,"58":0,"59":0,"60":0,"61":0,"62":0,"68":9,"69":9,"75":0,"76":0,"77":0,"78":0,"84":0,"85":0,"86":0,"87":0,"88":0,"89":0,"90":0,"91":0,"96":0,"118":6,"119":4,"120":4,"121":4,"122":4,"123":4,"129":13,"130":13,"131":13,"132":13,"133":7,"134":7,"135":7,"136":7,"137":7,"141":0,"142":0,"143":0,"144":0,"148":0,"149":0},"path":"/home/honeybadger/playground/consensys_unittest/contracts/BitAseanToken.sol","s":{"1":34,"2":0,"3":0,"4":34,"5":34,"6":34,"7":34,"8":34,"9":0,"10":0,"11":0,"12":0,"13":0,"14":0,"15":0,"16":9,"17":9,"18":0,"19":0,"20":0,"21":0,"22":0,"23":0,"24":0,"25":0,"26":0,"27":0,"28":0,"29":0,"30":0,"31":0,"32":0,"33":0,"34":6,"35":2,"36":4,"37":0,"38":4,"39":0,"40":4,"41":4,"42":4,"43":13,"44":0,"45":13,"46":0,"47":13,"48":0,"49":13,"50":6,"51":7,"52":7,"53":7,"54":7,"55":7,"56":0,"57":0,"58":0,"59":0,"60":0,"61":0},"b":{"1":[0,0],"2":[0,0],"3":[0,0],"4":[0,0],"5":[0,0],"6":[0,0],"7":[0,0],"8":[2,4],"9":[0,4],"10":[0,4],"11":[0,13],"12":[0,13],"13":[0,13],"14":[6,7]},"f":{"1":34,"2":0,"3":34,"4":0,"5":9,"6":0,"7":0,"8":0,"9":34,"10":6,"11":13,"12":0,"13":0},"fnMap":{"1":{"name":"constructor","line":10,"loc":{"start":{"line":10,"column":4},"end":{"line":10,"column":18}}},"2":{"name":"onlyOwner","line":14,"loc":{"start":{"line":14,"column":4},"end":{"line":14,"column":20}}},"3":{"name":"constructor","line":43,"loc":{"start":{"line":43,"column":4},"end":{"line":48,"column":11}}},"4":{"name":"transfer","line":57,"loc":{"start":{"line":57,"column":4},"end":{"line":57,"column":48}}},"5":{"name":"approve","line":66,"loc":{"start":{"line":66,"column":4},"end":{"line":67,"column":32}}},"6":{"name":"approveAndCall","line":73,"loc":{"start":{"line":73,"column":4},"end":{"line":74,"column":32}}},"7":{"name":"transferFrom","line":83,"loc":{"start":{"line":83,"column":4},"end":{"line":83,"column":90}}},"8":{"name":"","line":95,"loc":{"start":{"line":95,"column":4},"end":{"line":95,"column":13}}},"9":{"name":"constructor","line":108,"loc":{"start":{"line":108,"column":4},"end":{"line":113,"column":67}}},"10":{"name":"transfer","line":117,"loc":{"start":{"line":117,"column":4},"end":{"line":117,"column":48}}},"11":{"name":"transferFrom","line":128,"loc":{"start":{"line":128,"column":4},"end":{"line":128,"column":90}}},"12":{"name":"mintToken","line":140,"loc":{"start":{"line":140,"column":4},"end":{"line":140,"column":68}}},"13":{"name":"freezeAccount","line":147,"loc":{"start":{"line":147,"column":4},"end":{"line":147,"column":63}}}},"statementMap":{"1":{"start":{"line":11,"column":8},"end":{"line":11,"column":25}},"2":{"start":{"line":15,"column":8},"end":{"line":15,"column":41}},"3":{"start":{"line":15,"column":33},"end":{"line":15,"column":40}},"4":{"start":{"line":49,"column":8},"end":{"line":49,"column":44}},"5":{"start":{"line":50,"column":8},"end":{"line":50,"column":34}},"6":{"start":{"line":51,"column":8},"end":{"line":51,"column":23}},"7":{"start":{"line":52,"column":8},"end":{"line":52,"column":27}},"8":{"start":{"line":53,"column":8},"end":{"line":53,"column":30}},"9":{"start":{"line":58,"column":8},"end":{"line":58,"column":52}},"10":{"start":{"line":58,"column":44},"end":{"line":58,"column":51}},"11":{"start":{"line":59,"column":8},"end":{"line":59,"column":62}},"12":{"start":{"line":59,"column":54},"end":{"line":59,"column":61}},"13":{"start":{"line":60,"column":8},"end":{"line":60,"column":38}},"14":{"start":{"line":61,"column":8},"end":{"line":61,"column":31}},"15":{"start":{"line":62,"column":8},"end":{"line":62,"column":40}},"16":{"start":{"line":68,"column":8},"end":{"line":68,"column":47}},"17":{"start":{"line":69,"column":8},"end":{"line":69,"column":19}},"18":{"start":{"line":75,"column":8},"end":{"line":75,"column":57}},"19":{"start":{"line":76,"column":8},"end":{"line":76,"column":2764}},"20":{"start":{"line":77,"column":12},"end":{"line":77,"column":72}},"21":{"start":{"line":78,"column":12},"end":{"line":78,"column":23}},"22":{"start":{"line":84,"column":8},"end":{"line":84,"column":47}},"23":{"start":{"line":84,"column":39},"end":{"line":84,"column":46}},"24":{"start":{"line":85,"column":8},"end":{"line":85,"column":62}},"25":{"start":{"line":85,"column":54},"end":{"line":85,"column":61}},"26":{"start":{"line":86,"column":8},"end":{"line":86,"column":59}},"27":{"start":{"line":86,"column":51},"end":{"line":86,"column":58}},"28":{"start":{"line":87,"column":8},"end":{"line":87,"column":33}},"29":{"start":{"line":88,"column":8},"end":{"line":88,"column":31}},"30":{"start":{"line":89,"column":8},"end":{"line":89,"column":45}},"31":{"start":{"line":90,"column":8},"end":{"line":90,"column":35}},"32":{"start":{"line":91,"column":8},"end":{"line":91,"column":19}},"33":{"start":{"line":96,"column":8},"end":{"line":96,"column":15}},"34":{"start":{"line":118,"column":8},"end":{"line":118,"column":52}},"35":{"start":{"line":118,"column":44},"end":{"line":118,"column":51}},"36":{"start":{"line":119,"column":8},"end":{"line":119,"column":62}},"37":{"start":{"line":119,"column":54},"end":{"line":119,"column":61}},"38":{"start":{"line":120,"column":8},"end":{"line":120,"column":47}},"39":{"start":{"line":120,"column":39},"end":{"line":120,"column":46}},"40":{"start":{"line":121,"column":8},"end":{"line":121,"column":38}},"41":{"start":{"line":122,"column":8},"end":{"line":122,"column":31}},"42":{"start":{"line":123,"column":8},"end":{"line":123,"column":40}},"43":{"start":{"line":129,"column":8},"end":{"line":129,"column":42}},"44":{"start":{"line":129,"column":34},"end":{"line":129,"column":41}},"45":{"start":{"line":130,"column":8},"end":{"line":130,"column":47}},"46":{"start":{"line":130,"column":39},"end":{"line":130,"column":46}},"47":{"start":{"line":131,"column":8},"end":{"line":131,"column":62}},"48":{"start":{"line":131,"column":54},"end":{"line":131,"column":61}},"49":{"start":{"line":132,"column":8},"end":{"line":132,"column":59}},"50":{"start":{"line":132,"column":51},"end":{"line":132,"column":58}},"51":{"start":{"line":133,"column":8},"end":{"line":133,"column":33}},"52":{"start":{"line":134,"column":8},"end":{"line":134,"column":31}},"53":{"start":{"line":135,"column":8},"end":{"line":135,"column":45}},"54":{"start":{"line":136,"column":8},"end":{"line":136,"column":35}},"55":{"start":{"line":137,"column":8},"end":{"line":137,"column":19}},"56":{"start":{"line":141,"column":8},"end":{"line":141,"column":40}},"57":{"start":{"line":142,"column":8},"end":{"line":142,"column":34}},"58":{"start":{"line":143,"column":8},"end":{"line":143,"column":38}},"59":{"start":{"line":144,"column":8},"end":{"line":144,"column":43}},"60":{"start":{"line":148,"column":8},"end":{"line":148,"column":37}},"61":{"start":{"line":149,"column":8},"end":{"line":149,"column":34}}},"branchMap":{"1":{"line":15,"type":"if","locations":[{"start":{"line":15,"column":8},"end":{"line":15,"column":8}},{"start":{"line":15,"column":8},"end":{"line":15,"column":8}}]},"2":{"line":58,"type":"if","locations":[{"start":{"line":58,"column":8},"end":{"line":58,"column":8}},{"start":{"line":58,"column":8},"end":{"line":58,"column":8}}]},"3":{"line":59,"type":"if","locations":[{"start":{"line":59,"column":8},"end":{"line":59,"column":8}},{"start":{"line":59,"column":8},"end":{"line":59,"column":8}}]},"4":{"line":76,"type":"if","locations":[{"start":{"line":76,"column":8},"end":{"line":76,"column":8}},{"start":{"line":76,"column":8},"end":{"line":76,"column":8}}]},"5":{"line":84,"type":"if","locations":[{"start":{"line":84,"column":8},"end":{"line":84,"column":8}},{"start":{"line":84,"column":8},"end":{"line":84,"column":8}}]},"6":{"line":85,"type":"if","locations":[{"start":{"line":85,"column":8},"end":{"line":85,"column":8}},{"start":{"line":85,"column":8},"end":{"line":85,"column":8}}]},"7":{"line":86,"type":"if","locations":[{"start":{"line":86,"column":8},"end":{"line":86,"column":8}},{"start":{"line":86,"column":8},"end":{"line":86,"column":8}}]},"8":{"line":118,"type":"if","locations":[{"start":{"line":118,"column":8},"end":{"line":118,"column":8}},{"start":{"line":118,"column":8},"end":{"line":118,"column":8}}]},"9":{"line":119,"type":"if","locations":[{"start":{"line":119,"column":8},"end":{"line":119,"column":8}},{"start":{"line":119,"column":8},"end":{"line":119,"column":8}}]},"10":{"line":120,"type":"if","locations":[{"start":{"line":120,"column":8},"end":{"line":120,"column":8}},{"start":{"line":120,"column":8},"end":{"line":120,"column":8}}]},"11":{"line":129,"type":"if","locations":[{"start":{"line":129,"column":8},"end":{"line":129,"column":8}},{"start":{"line":129,"column":8},"end":{"line":129,"column":8}}]},"12":{"line":130,"type":"if","locations":[{"start":{"line":130,"column":8},"end":{"line":130,"column":8}},{"start":{"line":130,"column":8},"end":{"line":130,"column":8}}]},"13":{"line":131,"type":"if","locations":[{"start":{"line":131,"column":8},"end":{"line":131,"column":8}},{"start":{"line":131,"column":8},"end":{"line":131,"column":8}}]},"14":{"line":132,"type":"if","locations":[{"start":{"line":132,"column":8},"end":{"line":132,"column":8}},{"start":{"line":132,"column":8},"end":{"line":132,"column":8}}]}}},"contracts/EIP20.sol":{"l":{"32":34,"33":34,"34":34,"35":34,"36":34,"40":6,"41":4,"42":4,"43":4,"44":4,"48":13,"49":13,"50":7,"51":7,"52":7,"53":6,"55":7,"56":7,"60":16,"64":9,"65":9,"66":9,"70":10},"path":"/home/honeybadger/playground/consensys_unittest/contracts/EIP20.sol","s":{"1":34,"2":34,"3":34,"4":34,"5":34,"6":6,"7":4,"8":4,"9":4,"10":4,"11":13,"12":13,"13":7,"14":7,"15":7,"16":6,"17":7,"18":7,"19":16,"20":9,"21":9,"22":9,"23":10},"b":{"1":[4,2],"2":[7,6],"3":[6,1]},"f":{"1":34,"2":6,"3":13,"4":16,"5":9,"6":10},"fnMap":{"1":{"name":"constructor","line":26,"loc":{"start":{"line":26,"column":4},"end":{"line":31,"column":14}}},"2":{"name":"transfer","line":39,"loc":{"start":{"line":39,"column":4},"end":{"line":39,"column":78}}},"3":{"name":"transferFrom","line":47,"loc":{"start":{"line":47,"column":4},"end":{"line":47,"column":97}}},"4":{"name":"balanceOf","line":59,"loc":{"start":{"line":59,"column":4},"end":{"line":59,"column":74}}},"5":{"name":"approve","line":63,"loc":{"start":{"line":63,"column":4},"end":{"line":63,"column":82}}},"6":{"name":"allowance","line":69,"loc":{"start":{"line":69,"column":4},"end":{"line":69,"column":94}}}},"statementMap":{"1":{"start":{"line":32,"column":8},"end":{"line":32,"column":44}},"2":{"start":{"line":33,"column":8},"end":{"line":33,"column":35}},"3":{"start":{"line":34,"column":8},"end":{"line":34,"column":24}},"4":{"start":{"line":35,"column":8},"end":{"line":35,"column":31}},"5":{"start":{"line":36,"column":8},"end":{"line":36,"column":28}},"6":{"start":{"line":40,"column":8},"end":{"line":40,"column":46}},"7":{"start":{"line":41,"column":8},"end":{"line":41,"column":37}},"8":{"start":{"line":42,"column":8},"end":{"line":42,"column":30}},"9":{"start":{"line":43,"column":8},"end":{"line":43,"column":40}},"10":{"start":{"line":44,"column":8},"end":{"line":44,"column":19}},"11":{"start":{"line":48,"column":8},"end":{"line":48,"column":54}},"12":{"start":{"line":49,"column":8},"end":{"line":49,"column":64}},"13":{"start":{"line":50,"column":8},"end":{"line":50,"column":30}},"14":{"start":{"line":51,"column":8},"end":{"line":51,"column":32}},"15":{"start":{"line":52,"column":8},"end":{"line":52,"column":2098}},"16":{"start":{"line":53,"column":12},"end":{"line":53,"column":47}},"17":{"start":{"line":55,"column":8},"end":{"line":55,"column":35}},"18":{"start":{"line":56,"column":8},"end":{"line":56,"column":19}},"19":{"start":{"line":60,"column":8},"end":{"line":60,"column":31}},"20":{"start":{"line":64,"column":8},"end":{"line":64,"column":45}},"21":{"start":{"line":65,"column":8},"end":{"line":65,"column":45}},"22":{"start":{"line":66,"column":8},"end":{"line":66,"column":19}},"23":{"start":{"line":70,"column":8},"end":{"line":70,"column":40}}},"branchMap":{"1":{"line":40,"type":"if","locations":[{"start":{"line":40,"column":8},"end":{"line":40,"column":8}},{"start":{"line":40,"column":8},"end":{"line":40,"column":8}}]},"2":{"line":49,"type":"if","locations":[{"start":{"line":49,"column":8},"end":{"line":49,"column":8}},{"start":{"line":49,"column":8},"end":{"line":49,"column":8}}]},"3":{"line":52,"type":"if","locations":[{"start":{"line":52,"column":8},"end":{"line":52,"column":8}},{"start":{"line":52,"column":8},"end":{"line":52,"column":8}}]}}},"contracts/EIP20Interface.sol":{"l":{},"path":"/home/honeybadger/playground/consensys_unittest/contracts/EIP20Interface.sol","s":{},"b":{},"f":{},"fnMap":{},"statementMap":{},"branchMap":{}},"contracts/FuturXe.sol":{"l":{"29":34,"34":0,"36":0,"40":0,"64":34,"65":34,"66":34,"67":34,"68":34,"73":7,"80":5,"83":5,"85":4,"88":4,"90":4,"93":4,"95":4,"103":8,"106":8,"109":8,"112":2,"114":2,"115":2,"116":2,"119":2,"121":2,"126":9,"131":9,"132":9,"133":9,"138":0,"139":0,"141":0,"142":0,"147":0,"148":0,"153":0,"158":0,"163":0},"path":"/home/honeybadger/playground/consensys_unittest/contracts/FuturXe.sol","s":{"1":34,"2":0,"3":0,"4":34,"5":34,"6":34,"7":34,"8":34,"9":7,"10":5,"11":0,"12":5,"13":1,"14":4,"15":0,"16":4,"17":4,"18":4,"19":4,"20":8,"21":0,"22":8,"23":0,"24":8,"25":6,"26":2,"27":0,"28":2,"29":2,"30":2,"31":2,"32":2,"33":9,"34":9,"35":9,"36":9,"37":0,"38":0,"39":0,"40":0,"41":0,"42":0,"43":0,"44":0,"45":0},"b":{"1":[0,0],"2":[0,5],"3":[1,4],"4":[0,4],"5":[0,8],"6":[0,8],"7":[6,2],"8":[0,2]},"f":{"1":34,"2":0,"3":0,"4":34,"5":7,"6":5,"7":8,"8":9,"9":9,"10":0,"11":0,"12":0,"13":0,"14":0},"fnMap":{"1":{"name":"constructor","line":28,"loc":{"start":{"line":28,"column":4},"end":{"line":28,"column":18}}},"2":{"name":"onlyOwner","line":33,"loc":{"start":{"line":33,"column":4},"end":{"line":33,"column":22}}},"3":{"name":"transferOwnership","line":39,"loc":{"start":{"line":39,"column":4},"end":{"line":39,"column":57}}},"4":{"name":"constructor","line":63,"loc":{"start":{"line":63,"column":4},"end":{"line":63,"column":88}}},"5":{"name":"balanceOf","line":72,"loc":{"start":{"line":72,"column":4},"end":{"line":72,"column":71}}},"6":{"name":"transfer","line":77,"loc":{"start":{"line":77,"column":4},"end":{"line":77,"column":66}}},"7":{"name":"transferFrom","line":100,"loc":{"start":{"line":100,"column":4},"end":{"line":100,"column":84}}},"8":{"name":"allowance","line":125,"loc":{"start":{"line":125,"column":4},"end":{"line":125,"column":91}}},"9":{"name":"approve","line":130,"loc":{"start":{"line":130,"column":4},"end":{"line":130,"column":76}}},"10":{"name":"mintToken","line":137,"loc":{"start":{"line":137,"column":4},"end":{"line":137,"column":67}}},"11":{"name":"freezeAccount","line":146,"loc":{"start":{"line":146,"column":4},"end":{"line":146,"column":63}}},"12":{"name":"changeName","line":152,"loc":{"start":{"line":152,"column":4},"end":{"line":152,"column":45}}},"13":{"name":"changeSymbol","line":157,"loc":{"start":{"line":157,"column":4},"end":{"line":157,"column":49}}},"14":{"name":"changeDecimals","line":162,"loc":{"start":{"line":162,"column":4},"end":{"line":162,"column":52}}}},"statementMap":{"1":{"start":{"line":29,"column":8},"end":{"line":29,"column":25}},"2":{"start":{"line":34,"column":8},"end":{"line":34,"column":37}},"3":{"start":{"line":40,"column":8},"end":{"line":40,"column":24}},"4":{"start":{"line":64,"column":8},"end":{"line":64,"column":45}},"5":{"start":{"line":65,"column":8},"end":{"line":65,"column":36}},"6":{"start":{"line":66,"column":8},"end":{"line":66,"column":38}},"7":{"start":{"line":67,"column":8},"end":{"line":67,"column":39}},"8":{"start":{"line":68,"column":8},"end":{"line":68,"column":45}},"9":{"start":{"line":73,"column":8},"end":{"line":73,"column":31}},"10":{"start":{"line":80,"column":8},"end":{"line":80,"column":51}},"11":{"start":{"line":80,"column":39},"end":{"line":80,"column":51}},"12":{"start":{"line":83,"column":8},"end":{"line":83,"column":53}},"13":{"start":{"line":83,"column":41},"end":{"line":83,"column":53}},"14":{"start":{"line":85,"column":8},"end":{"line":85,"column":60}},"15":{"start":{"line":85,"column":48},"end":{"line":85,"column":60}},"16":{"start":{"line":88,"column":8},"end":{"line":88,"column":36}},"17":{"start":{"line":90,"column":8},"end":{"line":90,"column":28}},"18":{"start":{"line":93,"column":8},"end":{"line":93,"column":38}},"19":{"start":{"line":95,"column":8},"end":{"line":95,"column":19}},"20":{"start":{"line":103,"column":8},"end":{"line":103,"column":51}},"21":{"start":{"line":103,"column":39},"end":{"line":103,"column":51}},"22":{"start":{"line":106,"column":8},"end":{"line":106,"column":47}},"23":{"start":{"line":106,"column":35},"end":{"line":106,"column":47}},"24":{"start":{"line":109,"column":8},"end":{"line":109,"column":61}},"25":{"start":{"line":109,"column":49},"end":{"line":109,"column":61}},"26":{"start":{"line":112,"column":8},"end":{"line":112,"column":60}},"27":{"start":{"line":112,"column":48},"end":{"line":112,"column":60}},"28":{"start":{"line":114,"column":8},"end":{"line":114,"column":30}},"29":{"start":{"line":115,"column":8},"end":{"line":115,"column":41}},"30":{"start":{"line":116,"column":8},"end":{"line":116,"column":28}},"31":{"start":{"line":119,"column":8},"end":{"line":119,"column":32}},"32":{"start":{"line":121,"column":8},"end":{"line":121,"column":19}},"33":{"start":{"line":126,"column":8},"end":{"line":126,"column":40}},"34":{"start":{"line":131,"column":8},"end":{"line":131,"column":46}},"35":{"start":{"line":132,"column":8},"end":{"line":132,"column":46}},"36":{"start":{"line":133,"column":8},"end":{"line":133,"column":19}},"37":{"start":{"line":138,"column":8},"end":{"line":138,"column":39}},"38":{"start":{"line":139,"column":8},"end":{"line":139,"column":34}},"39":{"start":{"line":141,"column":8},"end":{"line":141,"column":37}},"40":{"start":{"line":142,"column":8},"end":{"line":142,"column":42}},"41":{"start":{"line":147,"column":8},"end":{"line":147,"column":37}},"42":{"start":{"line":148,"column":8},"end":{"line":148,"column":34}},"43":{"start":{"line":153,"column":8},"end":{"line":153,"column":19}},"44":{"start":{"line":158,"column":8},"end":{"line":158,"column":23}},"45":{"start":{"line":163,"column":8},"end":{"line":163,"column":27}}},"branchMap":{"1":{"line":34,"type":"if","locations":[{"start":{"line":34,"column":8},"end":{"line":34,"column":8}},{"start":{"line":34,"column":8},"end":{"line":34,"column":8}}]},"2":{"line":80,"type":"if","locations":[{"start":{"line":80,"column":8},"end":{"line":80,"column":8}},{"start":{"line":80,"column":8},"end":{"line":80,"column":8}}]},"3":{"line":83,"type":"if","locations":[{"start":{"line":83,"column":8},"end":{"line":83,"column":8}},{"start":{"line":83,"column":8},"end":{"line":83,"column":8}}]},"4":{"line":85,"type":"if","locations":[{"start":{"line":85,"column":8},"end":{"line":85,"column":8}},{"start":{"line":85,"column":8},"end":{"line":85,"column":8}}]},"5":{"line":103,"type":"if","locations":[{"start":{"line":103,"column":8},"end":{"line":103,"column":8}},{"start":{"line":103,"column":8},"end":{"line":103,"column":8}}]},"6":{"line":106,"type":"if","locations":[{"start":{"line":106,"column":8},"end":{"line":106,"column":8}},{"start":{"line":106,"column":8},"end":{"line":106,"column":8}}]},"7":{"line":109,"type":"if","locations":[{"start":{"line":109,"column":8},"end":{"line":109,"column":8}},{"start":{"line":109,"column":8},"end":{"line":109,"column":8}}]},"8":{"line":112,"type":"if","locations":[{"start":{"line":112,"column":8},"end":{"line":112,"column":8}},{"start":{"line":112,"column":8},"end":{"line":112,"column":8}}]}}},"contracts/INT.sol":{"l":{"7":34,"11":0,"12":0,"16":0,"38":34,"39":34,"40":34,"41":34,"42":34,"47":0,"48":0,"49":0,"50":0,"51":0,"52":0,"59":8,"67":13,"68":7,"69":7,"70":7,"78":9,"79":9,"88":0,"89":0,"90":0,"91":0,"98":0,"99":0,"100":0,"101":0,"102":0,"106":0,"107":0,"108":0,"109":0,"110":0,"111":0,"112":0,"134":15,"135":15,"136":13,"137":9,"138":9,"139":9,"140":9,"141":9,"148":0,"149":0,"150":0,"151":0,"158":0,"159":0,"166":0,"167":0,"172":0,"173":0,"179":0,"180":0,"181":0},"path":"/home/honeybadger/playground/consensys_unittest/contracts/INT.sol","s":{"1":34,"2":0,"3":0,"4":34,"5":34,"6":34,"7":34,"8":34,"9":0,"10":0,"11":0,"12":0,"13":0,"14":0,"15":8,"16":13,"17":7,"18":7,"19":7,"20":9,"21":9,"22":0,"23":0,"24":0,"25":0,"26":0,"27":0,"28":0,"29":0,"30":0,"31":0,"32":0,"33":0,"34":0,"35":0,"36":0,"37":0,"38":15,"39":15,"40":13,"41":9,"42":9,"43":9,"44":9,"45":9,"46":0,"47":0,"48":0,"49":0,"50":0,"51":0,"52":0,"53":0,"54":0,"55":0,"56":0,"57":0,"58":0},"b":{"1":[0,0],"2":[0,0],"3":[0,0],"4":[0,0],"5":[7,6],"6":[0,0],"7":[0,0],"8":[0,0],"9":[0,0],"10":[15,0],"11":[13,2],"12":[9,4],"13":[9,0],"14":[9,0],"15":[0,0]},"f":{"1":34,"2":0,"3":0,"4":34,"5":0,"6":8,"7":13,"8":9,"9":0,"10":0,"11":0,"12":34,"13":15,"14":0,"15":0,"16":0,"17":0,"18":0},"fnMap":{"1":{"name":"constructor","line":6,"loc":{"start":{"line":6,"column":2},"end":{"line":6,"column":18}}},"2":{"name":"onlyOwner","line":10,"loc":{"start":{"line":10,"column":2},"end":{"line":10,"column":20}}},"3":{"name":"transferOwnership","line":15,"loc":{"start":{"line":15,"column":2},"end":{"line":15,"column":56}}},"4":{"name":"constructor","line":32,"loc":{"start":{"line":32,"column":2},"end":{"line":37,"column":9}}},"5":{"name":"_transfer","line":46,"loc":{"start":{"line":46,"column":2},"end":{"line":46,"column":70}}},"6":{"name":"transfer","line":58,"loc":{"start":{"line":58,"column":2},"end":{"line":58,"column":48}}},"7":{"name":"transferFrom","line":66,"loc":{"start":{"line":66,"column":2},"end":{"line":66,"column":90}}},"8":{"name":"approve","line":76,"loc":{"start":{"line":76,"column":2},"end":{"line":77,"column":30}}},"9":{"name":"approveAndCall","line":86,"loc":{"start":{"line":86,"column":2},"end":{"line":87,"column":30}}},"10":{"name":"burn","line":97,"loc":{"start":{"line":97,"column":2},"end":{"line":97,"column":54}}},"11":{"name":"burnFrom","line":105,"loc":{"start":{"line":105,"column":2},"end":{"line":105,"column":73}}},"12":{"name":"constructor","line":125,"loc":{"start":{"line":125,"column":2},"end":{"line":130,"column":65}}},"13":{"name":"_transfer","line":133,"loc":{"start":{"line":133,"column":2},"end":{"line":133,"column":70}}},"14":{"name":"mintToken","line":147,"loc":{"start":{"line":147,"column":2},"end":{"line":147,"column":68}}},"15":{"name":"freezeAccount","line":157,"loc":{"start":{"line":157,"column":2},"end":{"line":157,"column":63}}},"16":{"name":"setPrices","line":165,"loc":{"start":{"line":165,"column":2},"end":{"line":165,"column":73}}},"17":{"name":"buy","line":171,"loc":{"start":{"line":171,"column":2},"end":{"line":171,"column":24}}},"18":{"name":"sell","line":178,"loc":{"start":{"line":178,"column":2},"end":{"line":178,"column":31}}}},"statementMap":{"1":{"start":{"line":7,"column":6},"end":{"line":7,"column":23}},"2":{"start":{"line":11,"column":6},"end":{"line":11,"column":33}},"3":{"start":{"line":16,"column":6},"end":{"line":16,"column":21}},"4":{"start":{"line":38,"column":6},"end":{"line":38,"column":42}},"5":{"start":{"line":39,"column":6},"end":{"line":39,"column":32}},"6":{"start":{"line":40,"column":6},"end":{"line":40,"column":21}},"7":{"start":{"line":41,"column":6},"end":{"line":41,"column":25}},"8":{"start":{"line":42,"column":6},"end":{"line":42,"column":28}},"9":{"start":{"line":47,"column":6},"end":{"line":47,"column":25}},"10":{"start":{"line":48,"column":6},"end":{"line":48,"column":40}},"11":{"start":{"line":49,"column":6},"end":{"line":49,"column":55}},"12":{"start":{"line":50,"column":6},"end":{"line":50,"column":31}},"13":{"start":{"line":51,"column":6},"end":{"line":51,"column":29}},"14":{"start":{"line":52,"column":6},"end":{"line":52,"column":33}},"15":{"start":{"line":59,"column":6},"end":{"line":59,"column":39}},"16":{"start":{"line":67,"column":6},"end":{"line":67,"column":52}},"17":{"start":{"line":68,"column":6},"end":{"line":68,"column":43}},"18":{"start":{"line":69,"column":6},"end":{"line":69,"column":34}},"19":{"start":{"line":70,"column":6},"end":{"line":70,"column":17}},"20":{"start":{"line":78,"column":6},"end":{"line":78,"column":45}},"21":{"start":{"line":79,"column":6},"end":{"line":79,"column":17}},"22":{"start":{"line":88,"column":6},"end":{"line":88,"column":55}},"23":{"start":{"line":89,"column":6},"end":{"line":89,"column":3918}},"24":{"start":{"line":90,"column":10},"end":{"line":90,"column":70}},"25":{"start":{"line":91,"column":10},"end":{"line":91,"column":21}},"26":{"start":{"line":98,"column":6},"end":{"line":98,"column":45}},"27":{"start":{"line":99,"column":6},"end":{"line":99,"column":36}},"28":{"start":{"line":100,"column":6},"end":{"line":100,"column":26}},"29":{"start":{"line":101,"column":6},"end":{"line":101,"column":29}},"30":{"start":{"line":102,"column":6},"end":{"line":102,"column":17}},"31":{"start":{"line":106,"column":6},"end":{"line":106,"column":40}},"32":{"start":{"line":107,"column":6},"end":{"line":107,"column":52}},"33":{"start":{"line":108,"column":6},"end":{"line":108,"column":31}},"34":{"start":{"line":109,"column":6},"end":{"line":109,"column":43}},"35":{"start":{"line":110,"column":6},"end":{"line":110,"column":26}},"36":{"start":{"line":111,"column":6},"end":{"line":111,"column":24}},"37":{"start":{"line":112,"column":6},"end":{"line":112,"column":17}},"38":{"start":{"line":134,"column":6},"end":{"line":134,"column":25}},"39":{"start":{"line":135,"column":6},"end":{"line":135,"column":40}},"40":{"start":{"line":136,"column":6},"end":{"line":136,"column":55}},"41":{"start":{"line":137,"column":6},"end":{"line":137,"column":35}},"42":{"start":{"line":138,"column":6},"end":{"line":138,"column":33}},"43":{"start":{"line":139,"column":6},"end":{"line":139,"column":31}},"44":{"start":{"line":140,"column":6},"end":{"line":140,"column":29}},"45":{"start":{"line":141,"column":6},"end":{"line":141,"column":33}},"46":{"start":{"line":148,"column":6},"end":{"line":148,"column":38}},"47":{"start":{"line":149,"column":6},"end":{"line":149,"column":32}},"48":{"start":{"line":150,"column":6},"end":{"line":150,"column":36}},"49":{"start":{"line":151,"column":6},"end":{"line":151,"column":41}},"50":{"start":{"line":158,"column":6},"end":{"line":158,"column":35}},"51":{"start":{"line":159,"column":6},"end":{"line":159,"column":32}},"52":{"start":{"line":166,"column":6},"end":{"line":166,"column":29}},"53":{"start":{"line":167,"column":6},"end":{"line":167,"column":27}},"54":{"start":{"line":172,"column":6},"end":{"line":172,"column":40}},"55":{"start":{"line":173,"column":6},"end":{"line":173,"column":40}},"56":{"start":{"line":179,"column":6},"end":{"line":179,"column":48}},"57":{"start":{"line":180,"column":6},"end":{"line":180,"column":40}},"58":{"start":{"line":181,"column":6},"end":{"line":181,"column":44}}},"branchMap":{"1":{"line":11,"type":"if","locations":[{"start":{"line":11,"column":6},"end":{"line":11,"column":6}},{"start":{"line":11,"column":6},"end":{"line":11,"column":6}}]},"2":{"line":47,"type":"if","locations":[{"start":{"line":47,"column":6},"end":{"line":47,"column":6}},{"start":{"line":47,"column":6},"end":{"line":47,"column":6}}]},"3":{"line":48,"type":"if","locations":[{"start":{"line":48,"column":6},"end":{"line":48,"column":6}},{"start":{"line":48,"column":6},"end":{"line":48,"column":6}}]},"4":{"line":49,"type":"if","locations":[{"start":{"line":49,"column":6},"end":{"line":49,"column":6}},{"start":{"line":49,"column":6},"end":{"line":49,"column":6}}]},"5":{"line":67,"type":"if","locations":[{"start":{"line":67,"column":6},"end":{"line":67,"column":6}},{"start":{"line":67,"column":6},"end":{"line":67,"column":6}}]},"6":{"line":89,"type":"if","locations":[{"start":{"line":89,"column":6},"end":{"line":89,"column":6}},{"start":{"line":89,"column":6},"end":{"line":89,"column":6}}]},"7":{"line":98,"type":"if","locations":[{"start":{"line":98,"column":6},"end":{"line":98,"column":6}},{"start":{"line":98,"column":6},"end":{"line":98,"column":6}}]},"8":{"line":106,"type":"if","locations":[{"start":{"line":106,"column":6},"end":{"line":106,"column":6}},{"start":{"line":106,"column":6},"end":{"line":106,"column":6}}]},"9":{"line":107,"type":"if","locations":[{"start":{"line":107,"column":6},"end":{"line":107,"column":6}},{"start":{"line":107,"column":6},"end":{"line":107,"column":6}}]},"10":{"line":134,"type":"if","locations":[{"start":{"line":134,"column":6},"end":{"line":134,"column":6}},{"start":{"line":134,"column":6},"end":{"line":134,"column":6}}]},"11":{"line":135,"type":"if","locations":[{"start":{"line":135,"column":6},"end":{"line":135,"column":6}},{"start":{"line":135,"column":6},"end":{"line":135,"column":6}}]},"12":{"line":136,"type":"if","locations":[{"start":{"line":136,"column":6},"end":{"line":136,"column":6}},{"start":{"line":136,"column":6},"end":{"line":136,"column":6}}]},"13":{"line":137,"type":"if","locations":[{"start":{"line":137,"column":6},"end":{"line":137,"column":6}},{"start":{"line":137,"column":6},"end":{"line":137,"column":6}}]},"14":{"line":138,"type":"if","locations":[{"start":{"line":138,"column":6},"end":{"line":138,"column":6}},{"start":{"line":138,"column":6},"end":{"line":138,"column":6}}]},"15":{"line":179,"type":"if","locations":[{"start":{"line":179,"column":6},"end":{"line":179,"column":6}},{"start":{"line":179,"column":6},"end":{"line":179,"column":6}}]}}},"contracts/SwiftCoin.sol":{"l":{"10":34,"14":0,"15":0,"19":0,"47":34,"48":34,"49":34,"50":34,"51":34,"56":0,"57":0,"58":0,"59":0,"60":0,"66":9,"67":9,"73":0,"74":0,"75":0,"76":0,"82":0,"83":0,"84":0,"85":0,"86":0,"87":0,"88":0,"89":0,"94":0,"118":6,"119":4,"120":4,"121":4,"122":4,"123":4,"129":13,"130":13,"131":13,"132":13,"133":7,"134":7,"135":7,"136":7,"137":7,"141":0,"142":0,"143":0,"144":0,"148":0,"149":0,"153":0,"154":0,"158":0,"159":0,"160":0,"161":0,"162":0,"166":0,"167":0,"168":0,"169":0,"170":0,"172":0},"path":"/home/honeybadger/playground/consensys_unittest/contracts/SwiftCoin.sol","s":{"1":34,"2":0,"3":0,"4":34,"5":34,"6":34,"7":34,"8":34,"9":0,"10":0,"11":0,"12":0,"13":0,"14":9,"15":9,"16":0,"17":0,"18":0,"19":0,"20":0,"21":0,"22":0,"23":0,"24":0,"25":0,"26":0,"27":0,"28":6,"29":4,"30":4,"31":4,"32":4,"33":4,"34":13,"35":13,"36":13,"37":13,"38":7,"39":7,"40":7,"41":7,"42":7,"43":0,"44":0,"45":0,"46":0,"47":0,"48":0,"49":0,"50":0,"51":0,"52":0,"53":0,"54":0,"55":0,"56":0,"57":0,"58":0,"59":0,"60":0},"b":{"1":[0,0],"2":[0,0],"3":[0,0],"4":[0,0],"5":[0,0],"6":[0,0],"7":[0,0],"8":[2,4],"9":[0,4],"10":[0,4],"11":[0,13],"12":[0,13],"13":[0,13],"14":[6,7],"15":[0,0],"16":[0,0],"17":[0,0]},"f":{"1":34,"2":0,"3":0,"4":34,"5":0,"6":9,"7":0,"8":0,"9":0,"10":34,"11":6,"12":13,"13":0,"14":0,"15":0,"16":0,"17":0},"fnMap":{"1":{"name":"constructor","line":9,"loc":{"start":{"line":9,"column":4},"end":{"line":9,"column":18}}},"2":{"name":"onlyOwner","line":13,"loc":{"start":{"line":13,"column":4},"end":{"line":13,"column":20}}},"3":{"name":"transferOwnership","line":18,"loc":{"start":{"line":18,"column":4},"end":{"line":18,"column":56}}},"4":{"name":"constructor","line":41,"loc":{"start":{"line":41,"column":4},"end":{"line":46,"column":11}}},"5":{"name":"transfer","line":55,"loc":{"start":{"line":55,"column":4},"end":{"line":55,"column":48}}},"6":{"name":"approve","line":64,"loc":{"start":{"line":64,"column":4},"end":{"line":65,"column":32}}},"7":{"name":"approveAndCall","line":71,"loc":{"start":{"line":71,"column":4},"end":{"line":72,"column":32}}},"8":{"name":"transferFrom","line":81,"loc":{"start":{"line":81,"column":4},"end":{"line":81,"column":90}}},"9":{"name":"","line":93,"loc":{"start":{"line":93,"column":4},"end":{"line":93,"column":13}}},"10":{"name":"constructor","line":109,"loc":{"start":{"line":109,"column":4},"end":{"line":114,"column":67}}},"11":{"name":"transfer","line":117,"loc":{"start":{"line":117,"column":4},"end":{"line":117,"column":48}}},"12":{"name":"transferFrom","line":128,"loc":{"start":{"line":128,"column":4},"end":{"line":128,"column":90}}},"13":{"name":"mintToken","line":140,"loc":{"start":{"line":140,"column":4},"end":{"line":140,"column":68}}},"14":{"name":"freezeAccount","line":147,"loc":{"start":{"line":147,"column":4},"end":{"line":147,"column":63}}},"15":{"name":"setPrices","line":152,"loc":{"start":{"line":152,"column":4},"end":{"line":152,"column":73}}},"16":{"name":"buy","line":157,"loc":{"start":{"line":157,"column":4},"end":{"line":157,"column":24}}},"17":{"name":"sell","line":165,"loc":{"start":{"line":165,"column":4},"end":{"line":165,"column":31}}}},"statementMap":{"1":{"start":{"line":10,"column":8},"end":{"line":10,"column":25}},"2":{"start":{"line":14,"column":8},"end":{"line":14,"column":38}},"3":{"start":{"line":19,"column":8},"end":{"line":19,"column":23}},"4":{"start":{"line":47,"column":8},"end":{"line":47,"column":44}},"5":{"start":{"line":48,"column":8},"end":{"line":48,"column":34}},"6":{"start":{"line":49,"column":8},"end":{"line":49,"column":23}},"7":{"start":{"line":50,"column":8},"end":{"line":50,"column":27}},"8":{"start":{"line":51,"column":8},"end":{"line":51,"column":30}},"9":{"start":{"line":56,"column":8},"end":{"line":56,"column":49}},"10":{"start":{"line":57,"column":8},"end":{"line":57,"column":59}},"11":{"start":{"line":58,"column":8},"end":{"line":58,"column":38}},"12":{"start":{"line":59,"column":8},"end":{"line":59,"column":31}},"13":{"start":{"line":60,"column":8},"end":{"line":60,"column":40}},"14":{"start":{"line":66,"column":8},"end":{"line":66,"column":47}},"15":{"start":{"line":67,"column":8},"end":{"line":67,"column":19}},"16":{"start":{"line":73,"column":8},"end":{"line":73,"column":57}},"17":{"start":{"line":74,"column":8},"end":{"line":74,"column":2822}},"18":{"start":{"line":75,"column":12},"end":{"line":75,"column":72}},"19":{"start":{"line":76,"column":12},"end":{"line":76,"column":23}},"20":{"start":{"line":82,"column":8},"end":{"line":82,"column":44}},"21":{"start":{"line":83,"column":8},"end":{"line":83,"column":59}},"22":{"start":{"line":84,"column":8},"end":{"line":84,"column":56}},"23":{"start":{"line":85,"column":8},"end":{"line":85,"column":33}},"24":{"start":{"line":86,"column":8},"end":{"line":86,"column":31}},"25":{"start":{"line":87,"column":8},"end":{"line":87,"column":45}},"26":{"start":{"line":88,"column":8},"end":{"line":88,"column":35}},"27":{"start":{"line":89,"column":8},"end":{"line":89,"column":19}},"28":{"start":{"line":118,"column":8},"end":{"line":118,"column":49}},"29":{"start":{"line":119,"column":8},"end":{"line":119,"column":59}},"30":{"start":{"line":120,"column":8},"end":{"line":120,"column":44}},"31":{"start":{"line":121,"column":8},"end":{"line":121,"column":38}},"32":{"start":{"line":122,"column":8},"end":{"line":122,"column":31}},"33":{"start":{"line":123,"column":8},"end":{"line":123,"column":40}},"34":{"start":{"line":129,"column":8},"end":{"line":129,"column":39}},"35":{"start":{"line":130,"column":8},"end":{"line":130,"column":44}},"36":{"start":{"line":131,"column":8},"end":{"line":131,"column":59}},"37":{"start":{"line":132,"column":8},"end":{"line":132,"column":56}},"38":{"start":{"line":133,"column":8},"end":{"line":133,"column":33}},"39":{"start":{"line":134,"column":8},"end":{"line":134,"column":31}},"40":{"start":{"line":135,"column":8},"end":{"line":135,"column":45}},"41":{"start":{"line":136,"column":8},"end":{"line":136,"column":35}},"42":{"start":{"line":137,"column":8},"end":{"line":137,"column":19}},"43":{"start":{"line":141,"column":8},"end":{"line":141,"column":40}},"44":{"start":{"line":142,"column":8},"end":{"line":142,"column":34}},"45":{"start":{"line":143,"column":8},"end":{"line":143,"column":38}},"46":{"start":{"line":144,"column":8},"end":{"line":144,"column":43}},"47":{"start":{"line":148,"column":8},"end":{"line":148,"column":37}},"48":{"start":{"line":149,"column":8},"end":{"line":149,"column":34}},"49":{"start":{"line":153,"column":8},"end":{"line":153,"column":31}},"50":{"start":{"line":154,"column":8},"end":{"line":154,"column":29}},"51":{"start":{"line":158,"column":8},"end":{"line":158,"column":42}},"52":{"start":{"line":159,"column":8},"end":{"line":159,"column":43}},"53":{"start":{"line":160,"column":8},"end":{"line":160,"column":38}},"54":{"start":{"line":161,"column":8},"end":{"line":161,"column":32}},"55":{"start":{"line":162,"column":8},"end":{"line":162,"column":41}},"56":{"start":{"line":166,"column":8},"end":{"line":166,"column":50}},"57":{"start":{"line":167,"column":8},"end":{"line":167,"column":32}},"58":{"start":{"line":168,"column":8},"end":{"line":168,"column":38}},"59":{"start":{"line":169,"column":8},"end":{"line":169,"column":7269}},"60":{"start":{"line":172,"column":12},"end":{"line":172,"column":45}}},"branchMap":{"1":{"line":14,"type":"if","locations":[{"start":{"line":14,"column":8},"end":{"line":14,"column":8}},{"start":{"line":14,"column":8},"end":{"line":14,"column":8}}]},"2":{"line":56,"type":"if","locations":[{"start":{"line":56,"column":8},"end":{"line":56,"column":8}},{"start":{"line":56,"column":8},"end":{"line":56,"column":8}}]},"3":{"line":57,"type":"if","locations":[{"start":{"line":57,"column":8},"end":{"line":57,"column":8}},{"start":{"line":57,"column":8},"end":{"line":57,"column":8}}]},"4":{"line":74,"type":"if","locations":[{"start":{"line":74,"column":8},"end":{"line":74,"column":8}},{"start":{"line":74,"column":8},"end":{"line":74,"column":8}}]},"5":{"line":82,"type":"if","locations":[{"start":{"line":82,"column":8},"end":{"line":82,"column":8}},{"start":{"line":82,"column":8},"end":{"line":82,"column":8}}]},"6":{"line":83,"type":"if","locations":[{"start":{"line":83,"column":8},"end":{"line":83,"column":8}},{"start":{"line":83,"column":8},"end":{"line":83,"column":8}}]},"7":{"line":84,"type":"if","locations":[{"start":{"line":84,"column":8},"end":{"line":84,"column":8}},{"start":{"line":84,"column":8},"end":{"line":84,"column":8}}]},"8":{"line":118,"type":"if","locations":[{"start":{"line":118,"column":8},"end":{"line":118,"column":8}},{"start":{"line":118,"column":8},"end":{"line":118,"column":8}}]},"9":{"line":119,"type":"if","locations":[{"start":{"line":119,"column":8},"end":{"line":119,"column":8}},{"start":{"line":119,"column":8},"end":{"line":119,"column":8}}]},"10":{"line":120,"type":"if","locations":[{"start":{"line":120,"column":8},"end":{"line":120,"column":8}},{"start":{"line":120,"column":8},"end":{"line":120,"column":8}}]},"11":{"line":129,"type":"if","locations":[{"start":{"line":129,"column":8},"end":{"line":129,"column":8}},{"start":{"line":129,"column":8},"end":{"line":129,"column":8}}]},"12":{"line":130,"type":"if","locations":[{"start":{"line":130,"column":8},"end":{"line":130,"column":8}},{"start":{"line":130,"column":8},"end":{"line":130,"column":8}}]},"13":{"line":131,"type":"if","locations":[{"start":{"line":131,"column":8},"end":{"line":131,"column":8}},{"start":{"line":131,"column":8},"end":{"line":131,"column":8}}]},"14":{"line":132,"type":"if","locations":[{"start":{"line":132,"column":8},"end":{"line":132,"column":8}},{"start":{"line":132,"column":8},"end":{"line":132,"column":8}}]},"15":{"line":159,"type":"if","locations":[{"start":{"line":159,"column":8},"end":{"line":159,"column":8}},{"start":{"line":159,"column":8},"end":{"line":159,"column":8}}]},"16":{"line":166,"type":"if","locations":[{"start":{"line":166,"column":8},"end":{"line":166,"column":8}},{"start":{"line":166,"column":8},"end":{"line":166,"column":8}}]},"17":{"line":169,"type":"if","locations":[{"start":{"line":169,"column":8},"end":{"line":169,"column":8}},{"start":{"line":169,"column":8},"end":{"line":169,"column":8}}]}}},"contracts/TetherToken.sol":{"l":{"13":19,"14":2,"16":17,"17":17,"18":17,"23":19,"25":19,"29":38,"30":30,"34":11,"35":11,"36":11,"53":34,"60":0,"61":0,"69":0,"70":0,"117":37,"118":37,"127":6,"128":6,"129":0,"131":6,"132":6,"133":4,"134":4,"135":0,"136":0,"138":4,"147":16,"172":13,"177":13,"178":13,"179":0,"181":13,"182":12,"184":7,"185":7,"186":7,"187":7,"188":0,"189":0,"191":7,"205":9,"207":9,"208":9,"218":10,"239":19,"240":19,"247":0,"248":0,"255":0,"256":0,"263":0,"264":0,"272":0,"276":0,"282":0,"283":0,"287":0,"288":0,"292":0,"293":0,"294":0,"295":0,"296":0,"331":34,"332":34,"333":34,"334":34,"335":34,"336":34,"341":6,"342":6,"343":0,"345":6,"351":13,"352":13,"353":0,"355":13,"361":16,"362":0,"364":16,"370":9,"371":0,"373":9,"379":10,"380":0,"382":10,"388":0,"389":0,"390":0,"395":1,"396":0,"398":1,"407":0,"408":0,"410":0,"411":0,"412":0,"421":0,"422":0,"424":0,"425":0,"426":0,"431":0,"432":0,"434":0,"435":0,"437":0},"path":"/home/honeybadger/playground/consensys_unittest/contracts/TetherToken.sol","s":{"1":19,"2":2,"3":17,"4":17,"5":17,"6":19,"7":19,"8":38,"9":30,"10":11,"11":11,"12":11,"13":34,"14":0,"15":0,"16":0,"17":37,"18":6,"19":6,"20":0,"21":6,"22":6,"23":4,"24":4,"25":0,"26":0,"27":4,"28":16,"29":13,"30":13,"31":13,"32":0,"33":13,"34":12,"35":7,"36":7,"37":7,"38":7,"39":0,"40":0,"41":7,"42":9,"43":9,"44":9,"45":10,"46":19,"47":0,"48":0,"49":0,"50":0,"51":0,"52":0,"53":0,"54":0,"55":0,"56":0,"57":0,"58":0,"59":0,"60":0,"61":0,"62":0,"63":34,"64":34,"65":34,"66":34,"67":34,"68":34,"69":6,"70":6,"71":0,"72":6,"73":13,"74":13,"75":0,"76":13,"77":16,"78":0,"79":16,"80":9,"81":0,"82":9,"83":10,"84":0,"85":10,"86":0,"87":0,"88":0,"89":1,"90":0,"91":1,"92":0,"93":0,"94":0,"95":0,"96":0,"97":0,"98":0,"99":0,"100":0,"101":0,"102":0,"103":0,"104":0,"105":0,"106":0},"b":{"1":[2,17],"2":[17,0],"3":[30,8],"4":[11,0],"5":[0,0],"6":[0,0],"7":[37,0],"8":[0,6],"9":[0,4],"10":[0,13],"11":[12,1],"12":[0,7],"13":[9,0],"14":[19,0],"15":[0,0],"16":[0,0],"17":[6,0],"18":[0,6],"19":[13,0],"20":[0,13],"21":[0,16],"22":[0,9],"23":[0,10],"24":[0,1],"25":[0,0],"26":[0,0],"27":[0,0],"28":[0,0],"29":[0,0],"30":[0,0]},"f":{"1":19,"2":19,"3":38,"4":11,"5":34,"6":0,"7":0,"8":37,"9":6,"10":16,"11":13,"12":9,"13":10,"14":19,"15":0,"16":0,"17":0,"18":0,"19":0,"20":0,"21":0,"22":0,"23":34,"24":6,"25":13,"26":16,"27":9,"28":10,"29":0,"30":1,"31":0,"32":0,"33":0},"fnMap":{"1":{"name":"mul","line":12,"loc":{"start":{"line":12,"column":4},"end":{"line":12,"column":68}}},"2":{"name":"div","line":21,"loc":{"start":{"line":21,"column":4},"end":{"line":21,"column":68}}},"3":{"name":"sub","line":28,"loc":{"start":{"line":28,"column":4},"end":{"line":28,"column":68}}},"4":{"name":"add","line":33,"loc":{"start":{"line":33,"column":4},"end":{"line":33,"column":68}}},"5":{"name":"constructor","line":52,"loc":{"start":{"line":52,"column":4},"end":{"line":52,"column":27}}},"6":{"name":"onlyOwner","line":59,"loc":{"start":{"line":59,"column":4},"end":{"line":59,"column":22}}},"7":{"name":"transferOwnership","line":68,"loc":{"start":{"line":68,"column":4},"end":{"line":68,"column":63}}},"8":{"name":"onlyPayloadSize","line":116,"loc":{"start":{"line":116,"column":4},"end":{"line":116,"column":37}}},"9":{"name":"transfer","line":126,"loc":{"start":{"line":126,"column":4},"end":{"line":126,"column":76}}},"10":{"name":"balanceOf","line":146,"loc":{"start":{"line":146,"column":4},"end":{"line":146,"column":75}}},"11":{"name":"transferFrom","line":171,"loc":{"start":{"line":171,"column":4},"end":{"line":171,"column":95}}},"12":{"name":"approve","line":199,"loc":{"start":{"line":199,"column":4},"end":{"line":199,"column":80}}},"13":{"name":"allowance","line":217,"loc":{"start":{"line":217,"column":4},"end":{"line":217,"column":95}}},"14":{"name":"whenNotPaused","line":238,"loc":{"start":{"line":238,"column":2},"end":{"line":238,"column":26}}},"15":{"name":"whenPaused","line":246,"loc":{"start":{"line":246,"column":2},"end":{"line":246,"column":23}}},"16":{"name":"pause","line":254,"loc":{"start":{"line":254,"column":2},"end":{"line":254,"column":49}}},"17":{"name":"unpause","line":262,"loc":{"start":{"line":262,"column":2},"end":{"line":262,"column":48}}},"18":{"name":"getBlackListStatus","line":271,"loc":{"start":{"line":271,"column":4},"end":{"line":271,"column":78}}},"19":{"name":"getOwner","line":275,"loc":{"start":{"line":275,"column":4},"end":{"line":275,"column":57}}},"20":{"name":"addBlackList","line":281,"loc":{"start":{"line":281,"column":4},"end":{"line":281,"column":60}}},"21":{"name":"removeBlackList","line":286,"loc":{"start":{"line":286,"column":4},"end":{"line":286,"column":66}}},"22":{"name":"destroyBlackFunds","line":291,"loc":{"start":{"line":291,"column":4},"end":{"line":291,"column":72}}},"23":{"name":"constructor","line":330,"loc":{"start":{"line":330,"column":4},"end":{"line":330,"column":96}}},"24":{"name":"transfer","line":340,"loc":{"start":{"line":340,"column":4},"end":{"line":340,"column":66}}},"25":{"name":"transferFrom","line":350,"loc":{"start":{"line":350,"column":4},"end":{"line":350,"column":85}}},"26":{"name":"balanceOf","line":360,"loc":{"start":{"line":360,"column":4},"end":{"line":360,"column":64}}},"27":{"name":"approve","line":369,"loc":{"start":{"line":369,"column":4},"end":{"line":369,"column":80}}},"28":{"name":"allowance","line":378,"loc":{"start":{"line":378,"column":4},"end":{"line":378,"column":95}}},"29":{"name":"deprecate","line":387,"loc":{"start":{"line":387,"column":4},"end":{"line":387,"column":63}}},"30":{"name":"totalSupply","line":394,"loc":{"start":{"line":394,"column":4},"end":{"line":394,"column":55}}},"31":{"name":"issue","line":406,"loc":{"start":{"line":406,"column":4},"end":{"line":406,"column":46}}},"32":{"name":"redeem","line":420,"loc":{"start":{"line":420,"column":4},"end":{"line":420,"column":47}}},"33":{"name":"setParams","line":429,"loc":{"start":{"line":429,"column":4},"end":{"line":429,"column":74}}}},"statementMap":{"1":{"start":{"line":13,"column":8},"end":{"line":13,"column":292}},"2":{"start":{"line":14,"column":12},"end":{"line":14,"column":20}},"3":{"start":{"line":16,"column":8},"end":{"line":16,"column":25}},"4":{"start":{"line":17,"column":8},"end":{"line":17,"column":25}},"5":{"start":{"line":18,"column":8},"end":{"line":18,"column":16}},"6":{"start":{"line":23,"column":8},"end":{"line":23,"column":25}},"7":{"start":{"line":25,"column":8},"end":{"line":25,"column":16}},"8":{"start":{"line":29,"column":8},"end":{"line":29,"column":21}},"9":{"start":{"line":30,"column":8},"end":{"line":30,"column":20}},"10":{"start":{"line":34,"column":8},"end":{"line":34,"column":25}},"11":{"start":{"line":35,"column":8},"end":{"line":35,"column":21}},"12":{"start":{"line":36,"column":8},"end":{"line":36,"column":16}},"13":{"start":{"line":53,"column":8},"end":{"line":53,"column":25}},"14":{"start":{"line":60,"column":8},"end":{"line":60,"column":35}},"15":{"start":{"line":69,"column":8},"end":{"line":69,"column":1819}},"16":{"start":{"line":70,"column":12},"end":{"line":70,"column":27}},"17":{"start":{"line":117,"column":8},"end":{"line":117,"column":45}},"18":{"start":{"line":127,"column":8},"end":{"line":127,"column":59}},"19":{"start":{"line":128,"column":8},"end":{"line":128,"column":3600}},"20":{"start":{"line":129,"column":12},"end":{"line":129,"column":27}},"21":{"start":{"line":131,"column":8},"end":{"line":131,"column":41}},"22":{"start":{"line":132,"column":8},"end":{"line":132,"column":62}},"23":{"start":{"line":133,"column":8},"end":{"line":133,"column":52}},"24":{"start":{"line":134,"column":8},"end":{"line":134,"column":3835}},"25":{"start":{"line":135,"column":12},"end":{"line":135,"column":53}},"26":{"start":{"line":136,"column":12},"end":{"line":136,"column":43}},"27":{"start":{"line":138,"column":8},"end":{"line":138,"column":44}},"28":{"start":{"line":147,"column":8},"end":{"line":147,"column":31}},"29":{"start":{"line":172,"column":8},"end":{"line":172,"column":51}},"30":{"start":{"line":177,"column":8},"end":{"line":177,"column":59}},"31":{"start":{"line":178,"column":8},"end":{"line":178,"column":5427}},"32":{"start":{"line":179,"column":12},"end":{"line":179,"column":27}},"33":{"start":{"line":181,"column":8},"end":{"line":181,"column":5499}},"34":{"start":{"line":182,"column":12},"end":{"line":182,"column":62}},"35":{"start":{"line":184,"column":8},"end":{"line":184,"column":41}},"36":{"start":{"line":185,"column":8},"end":{"line":185,"column":52}},"37":{"start":{"line":186,"column":8},"end":{"line":186,"column":52}},"38":{"start":{"line":187,"column":8},"end":{"line":187,"column":5764}},"39":{"start":{"line":188,"column":12},"end":{"line":188,"column":53}},"40":{"start":{"line":189,"column":12},"end":{"line":189,"column":38}},"41":{"start":{"line":191,"column":8},"end":{"line":191,"column":39}},"42":{"start":{"line":205,"column":8},"end":{"line":205,"column":72}},"43":{"start":{"line":207,"column":8},"end":{"line":207,"column":45}},"44":{"start":{"line":208,"column":8},"end":{"line":208,"column":45}},"45":{"start":{"line":218,"column":8},"end":{"line":218,"column":40}},"46":{"start":{"line":239,"column":4},"end":{"line":239,"column":19}},"47":{"start":{"line":247,"column":4},"end":{"line":247,"column":18}},"48":{"start":{"line":255,"column":4},"end":{"line":255,"column":16}},"49":{"start":{"line":256,"column":4},"end":{"line":256,"column":10}},"50":{"start":{"line":263,"column":4},"end":{"line":263,"column":17}},"51":{"start":{"line":264,"column":4},"end":{"line":264,"column":12}},"52":{"start":{"line":272,"column":8},"end":{"line":272,"column":36}},"53":{"start":{"line":276,"column":8},"end":{"line":276,"column":20}},"54":{"start":{"line":282,"column":8},"end":{"line":282,"column":38}},"55":{"start":{"line":283,"column":8},"end":{"line":283,"column":32}},"56":{"start":{"line":287,"column":8},"end":{"line":287,"column":42}},"57":{"start":{"line":288,"column":8},"end":{"line":288,"column":37}},"58":{"start":{"line":292,"column":8},"end":{"line":292,"column":47}},"59":{"start":{"line":293,"column":8},"end":{"line":293,"column":53}},"60":{"start":{"line":294,"column":8},"end":{"line":294,"column":37}},"61":{"start":{"line":295,"column":8},"end":{"line":295,"column":33}},"62":{"start":{"line":296,"column":8},"end":{"line":296,"column":56}},"63":{"start":{"line":331,"column":8},"end":{"line":331,"column":36}},"64":{"start":{"line":332,"column":8},"end":{"line":332,"column":19}},"65":{"start":{"line":333,"column":8},"end":{"line":333,"column":23}},"66":{"start":{"line":334,"column":8},"end":{"line":334,"column":27}},"67":{"start":{"line":335,"column":8},"end":{"line":335,"column":39}},"68":{"start":{"line":336,"column":8},"end":{"line":336,"column":25}},"69":{"start":{"line":341,"column":8},"end":{"line":341,"column":42}},"70":{"start":{"line":342,"column":8},"end":{"line":342,"column":10719}},"71":{"start":{"line":343,"column":12},"end":{"line":343,"column":99}},"72":{"start":{"line":345,"column":12},"end":{"line":345,"column":46}},"73":{"start":{"line":351,"column":8},"end":{"line":351,"column":37}},"74":{"start":{"line":352,"column":8},"end":{"line":352,"column":11134}},"75":{"start":{"line":353,"column":12},"end":{"line":353,"column":110}},"76":{"start":{"line":355,"column":12},"end":{"line":355,"column":57}},"77":{"start":{"line":361,"column":8},"end":{"line":361,"column":11510}},"78":{"start":{"line":362,"column":12},"end":{"line":362,"column":72}},"79":{"start":{"line":364,"column":12},"end":{"line":364,"column":39}},"80":{"start":{"line":370,"column":8},"end":{"line":370,"column":11846}},"81":{"start":{"line":371,"column":12},"end":{"line":371,"column":103}},"82":{"start":{"line":373,"column":12},"end":{"line":373,"column":50}},"83":{"start":{"line":379,"column":8},"end":{"line":379,"column":12239}},"84":{"start":{"line":380,"column":12},"end":{"line":380,"column":77}},"85":{"start":{"line":382,"column":12},"end":{"line":382,"column":52}},"86":{"start":{"line":388,"column":8},"end":{"line":388,"column":24}},"87":{"start":{"line":389,"column":8},"end":{"line":389,"column":41}},"88":{"start":{"line":390,"column":8},"end":{"line":390,"column":34}},"89":{"start":{"line":395,"column":8},"end":{"line":395,"column":12789}},"90":{"start":{"line":396,"column":12},"end":{"line":396,"column":63}},"91":{"start":{"line":398,"column":12},"end":{"line":398,"column":31}},"92":{"start":{"line":407,"column":8},"end":{"line":407,"column":52}},"93":{"start":{"line":408,"column":8},"end":{"line":408,"column":58}},"94":{"start":{"line":410,"column":8},"end":{"line":410,"column":32}},"95":{"start":{"line":411,"column":8},"end":{"line":411,"column":29}},"96":{"start":{"line":412,"column":8},"end":{"line":412,"column":20}},"97":{"start":{"line":421,"column":8},"end":{"line":421,"column":38}},"98":{"start":{"line":422,"column":8},"end":{"line":422,"column":41}},"99":{"start":{"line":424,"column":8},"end":{"line":424,"column":29}},"100":{"start":{"line":425,"column":8},"end":{"line":425,"column":32}},"101":{"start":{"line":426,"column":8},"end":{"line":426,"column":21}},"102":{"start":{"line":431,"column":8},"end":{"line":431,"column":35}},"103":{"start":{"line":432,"column":8},"end":{"line":432,"column":30}},"104":{"start":{"line":434,"column":8},"end":{"line":434,"column":39}},"105":{"start":{"line":435,"column":8},"end":{"line":435,"column":47}},"106":{"start":{"line":437,"column":8},"end":{"line":437,"column":42}}},"branchMap":{"1":{"line":13,"type":"if","locations":[{"start":{"line":13,"column":8},"end":{"line":13,"column":8}},{"start":{"line":13,"column":8},"end":{"line":13,"column":8}}]},"2":{"line":17,"type":"if","locations":[{"start":{"line":17,"column":8},"end":{"line":17,"column":8}},{"start":{"line":17,"column":8},"end":{"line":17,"column":8}}]},"3":{"line":29,"type":"if","locations":[{"start":{"line":29,"column":8},"end":{"line":29,"column":8}},{"start":{"line":29,"column":8},"end":{"line":29,"column":8}}]},"4":{"line":35,"type":"if","locations":[{"start":{"line":35,"column":8},"end":{"line":35,"column":8}},{"start":{"line":35,"column":8},"end":{"line":35,"column":8}}]},"5":{"line":60,"type":"if","locations":[{"start":{"line":60,"column":8},"end":{"line":60,"column":8}},{"start":{"line":60,"column":8},"end":{"line":60,"column":8}}]},"6":{"line":69,"type":"if","locations":[{"start":{"line":69,"column":8},"end":{"line":69,"column":8}},{"start":{"line":69,"column":8},"end":{"line":69,"column":8}}]},"7":{"line":117,"type":"if","locations":[{"start":{"line":117,"column":8},"end":{"line":117,"column":8}},{"start":{"line":117,"column":8},"end":{"line":117,"column":8}}]},"8":{"line":128,"type":"if","locations":[{"start":{"line":128,"column":8},"end":{"line":128,"column":8}},{"start":{"line":128,"column":8},"end":{"line":128,"column":8}}]},"9":{"line":134,"type":"if","locations":[{"start":{"line":134,"column":8},"end":{"line":134,"column":8}},{"start":{"line":134,"column":8},"end":{"line":134,"column":8}}]},"10":{"line":178,"type":"if","locations":[{"start":{"line":178,"column":8},"end":{"line":178,"column":8}},{"start":{"line":178,"column":8},"end":{"line":178,"column":8}}]},"11":{"line":181,"type":"if","locations":[{"start":{"line":181,"column":8},"end":{"line":181,"column":8}},{"start":{"line":181,"column":8},"end":{"line":181,"column":8}}]},"12":{"line":187,"type":"if","locations":[{"start":{"line":187,"column":8},"end":{"line":187,"column":8}},{"start":{"line":187,"column":8},"end":{"line":187,"column":8}}]},"13":{"line":205,"type":"if","locations":[{"start":{"line":205,"column":8},"end":{"line":205,"column":8}},{"start":{"line":205,"column":8},"end":{"line":205,"column":8}}]},"14":{"line":239,"type":"if","locations":[{"start":{"line":239,"column":4},"end":{"line":239,"column":4}},{"start":{"line":239,"column":4},"end":{"line":239,"column":4}}]},"15":{"line":247,"type":"if","locations":[{"start":{"line":247,"column":4},"end":{"line":247,"column":4}},{"start":{"line":247,"column":4},"end":{"line":247,"column":4}}]},"16":{"line":292,"type":"if","locations":[{"start":{"line":292,"column":8},"end":{"line":292,"column":8}},{"start":{"line":292,"column":8},"end":{"line":292,"column":8}}]},"17":{"line":341,"type":"if","locations":[{"start":{"line":341,"column":8},"end":{"line":341,"column":8}},{"start":{"line":341,"column":8},"end":{"line":341,"column":8}}]},"18":{"line":342,"type":"if","locations":[{"start":{"line":342,"column":8},"end":{"line":342,"column":8}},{"start":{"line":342,"column":8},"end":{"line":342,"column":8}}]},"19":{"line":351,"type":"if","locations":[{"start":{"line":351,"column":8},"end":{"line":351,"column":8}},{"start":{"line":351,"column":8},"end":{"line":351,"column":8}}]},"20":{"line":352,"type":"if","locations":[{"start":{"line":352,"column":8},"end":{"line":352,"column":8}},{"start":{"line":352,"column":8},"end":{"line":352,"column":8}}]},"21":{"line":361,"type":"if","locations":[{"start":{"line":361,"column":8},"end":{"line":361,"column":8}},{"start":{"line":361,"column":8},"end":{"line":361,"column":8}}]},"22":{"line":370,"type":"if","locations":[{"start":{"line":370,"column":8},"end":{"line":370,"column":8}},{"start":{"line":370,"column":8},"end":{"line":370,"column":8}}]},"23":{"line":379,"type":"if","locations":[{"start":{"line":379,"column":8},"end":{"line":379,"column":8}},{"start":{"line":379,"column":8},"end":{"line":379,"column":8}}]},"24":{"line":395,"type":"if","locations":[{"start":{"line":395,"column":8},"end":{"line":395,"column":8}},{"start":{"line":395,"column":8},"end":{"line":395,"column":8}}]},"25":{"line":407,"type":"if","locations":[{"start":{"line":407,"column":8},"end":{"line":407,"column":8}},{"start":{"line":407,"column":8},"end":{"line":407,"column":8}}]},"26":{"line":408,"type":"if","locations":[{"start":{"line":408,"column":8},"end":{"line":408,"column":8}},{"start":{"line":408,"column":8},"end":{"line":408,"column":8}}]},"27":{"line":421,"type":"if","locations":[{"start":{"line":421,"column":8},"end":{"line":421,"column":8}},{"start":{"line":421,"column":8},"end":{"line":421,"column":8}}]},"28":{"line":422,"type":"if","locations":[{"start":{"line":422,"column":8},"end":{"line":422,"column":8}},{"start":{"line":422,"column":8},"end":{"line":422,"column":8}}]},"29":{"line":431,"type":"if","locations":[{"start":{"line":431,"column":8},"end":{"line":431,"column":8}},{"start":{"line":431,"column":8},"end":{"line":431,"column":8}}]},"30":{"line":432,"type":"if","locations":[{"start":{"line":432,"column":8},"end":{"line":432,"column":8}},{"start":{"line":432,"column":8},"end":{"line":432,"column":8}}]}}},"contracts/TetherToken2.sol":{"l":{"13":19,"14":2,"16":17,"17":17,"18":17,"23":19,"25":19,"29":38,"30":30,"34":11,"35":11,"36":11,"53":34,"60":0,"61":0,"69":0,"70":0,"117":37,"118":37,"127":6,"128":6,"129":0,"131":6,"132":6,"133":4,"134":4,"135":0,"136":0,"138":4,"147":16,"172":13,"177":13,"178":13,"179":0,"181":13,"182":12,"184":7,"185":7,"186":7,"187":7,"188":0,"189":0,"191":7,"205":9,"207":9,"208":9,"218":10,"239":19,"240":19,"247":0,"248":0,"255":0,"256":0,"263":0,"264":0,"272":0,"276":0,"282":0,"283":0,"287":0,"288":0,"292":0,"293":0,"294":0,"295":0,"296":0,"331":34,"332":34,"333":34,"334":34,"335":34,"336":34,"341":6,"342":6,"343":0,"345":6,"351":13,"352":13,"353":0,"355":13,"361":16,"362":0,"364":16,"370":9,"371":0,"373":9,"379":10,"380":0,"382":10,"388":0,"389":0,"390":0,"395":1,"396":0,"398":1,"407":0,"408":0,"410":0,"411":0,"412":0,"421":0,"422":0,"424":0,"425":0,"426":0,"431":0,"432":0,"434":0,"435":0,"437":0},"path":"/home/honeybadger/playground/consensys_unittest/contracts/TetherToken2.sol","s":{"1":19,"2":2,"3":17,"4":17,"5":17,"6":19,"7":19,"8":38,"9":30,"10":11,"11":11,"12":11,"13":34,"14":0,"15":0,"16":0,"17":37,"18":6,"19":6,"20":0,"21":6,"22":6,"23":4,"24":4,"25":0,"26":0,"27":4,"28":16,"29":13,"30":13,"31":13,"32":0,"33":13,"34":12,"35":7,"36":7,"37":7,"38":7,"39":0,"40":0,"41":7,"42":9,"43":9,"44":9,"45":10,"46":19,"47":0,"48":0,"49":0,"50":0,"51":0,"52":0,"53":0,"54":0,"55":0,"56":0,"57":0,"58":0,"59":0,"60":0,"61":0,"62":0,"63":34,"64":34,"65":34,"66":34,"67":34,"68":34,"69":6,"70":6,"71":0,"72":6,"73":13,"74":13,"75":0,"76":13,"77":16,"78":0,"79":16,"80":9,"81":0,"82":9,"83":10,"84":0,"85":10,"86":0,"87":0,"88":0,"89":1,"90":0,"91":1,"92":0,"93":0,"94":0,"95":0,"96":0,"97":0,"98":0,"99":0,"100":0,"101":0,"102":0,"103":0,"104":0,"105":0,"106":0},"b":{"1":[2,17],"2":[17,0],"3":[30,8],"4":[11,0],"5":[0,0],"6":[0,0],"7":[37,0],"8":[0,6],"9":[0,4],"10":[0,13],"11":[12,1],"12":[0,7],"13":[9,0],"14":[19,0],"15":[0,0],"16":[0,0],"17":[6,0],"18":[0,6],"19":[13,0],"20":[0,13],"21":[0,16],"22":[0,9],"23":[0,10],"24":[0,1],"25":[0,0],"26":[0,0],"27":[0,0],"28":[0,0],"29":[0,0],"30":[0,0]},"f":{"1":19,"2":19,"3":38,"4":11,"5":34,"6":0,"7":0,"8":37,"9":6,"10":16,"11":13,"12":9,"13":10,"14":19,"15":0,"16":0,"17":0,"18":0,"19":0,"20":0,"21":0,"22":0,"23":34,"24":6,"25":13,"26":16,"27":9,"28":10,"29":0,"30":1,"31":0,"32":0,"33":0},"fnMap":{"1":{"name":"mul","line":12,"loc":{"start":{"line":12,"column":4},"end":{"line":12,"column":68}}},"2":{"name":"div","line":21,"loc":{"start":{"line":21,"column":4},"end":{"line":21,"column":68}}},"3":{"name":"sub","line":28,"loc":{"start":{"line":28,"column":4},"end":{"line":28,"column":68}}},"4":{"name":"add","line":33,"loc":{"start":{"line":33,"column":4},"end":{"line":33,"column":68}}},"5":{"name":"constructor","line":52,"loc":{"start":{"line":52,"column":4},"end":{"line":52,"column":27}}},"6":{"name":"onlyOwner","line":59,"loc":{"start":{"line":59,"column":4},"end":{"line":59,"column":22}}},"7":{"name":"transferOwnership","line":68,"loc":{"start":{"line":68,"column":4},"end":{"line":68,"column":63}}},"8":{"name":"onlyPayloadSize","line":116,"loc":{"start":{"line":116,"column":4},"end":{"line":116,"column":37}}},"9":{"name":"transfer","line":126,"loc":{"start":{"line":126,"column":4},"end":{"line":126,"column":76}}},"10":{"name":"balanceOf","line":146,"loc":{"start":{"line":146,"column":4},"end":{"line":146,"column":75}}},"11":{"name":"transferFrom","line":171,"loc":{"start":{"line":171,"column":4},"end":{"line":171,"column":95}}},"12":{"name":"approve","line":199,"loc":{"start":{"line":199,"column":4},"end":{"line":199,"column":80}}},"13":{"name":"allowance","line":217,"loc":{"start":{"line":217,"column":4},"end":{"line":217,"column":95}}},"14":{"name":"whenNotPaused","line":238,"loc":{"start":{"line":238,"column":2},"end":{"line":238,"column":26}}},"15":{"name":"whenPaused","line":246,"loc":{"start":{"line":246,"column":2},"end":{"line":246,"column":23}}},"16":{"name":"pause","line":254,"loc":{"start":{"line":254,"column":2},"end":{"line":254,"column":49}}},"17":{"name":"unpause","line":262,"loc":{"start":{"line":262,"column":2},"end":{"line":262,"column":48}}},"18":{"name":"getBlackListStatus","line":271,"loc":{"start":{"line":271,"column":4},"end":{"line":271,"column":78}}},"19":{"name":"getOwner","line":275,"loc":{"start":{"line":275,"column":4},"end":{"line":275,"column":57}}},"20":{"name":"addBlackList","line":281,"loc":{"start":{"line":281,"column":4},"end":{"line":281,"column":60}}},"21":{"name":"removeBlackList","line":286,"loc":{"start":{"line":286,"column":4},"end":{"line":286,"column":66}}},"22":{"name":"destroyBlackFunds","line":291,"loc":{"start":{"line":291,"column":4},"end":{"line":291,"column":72}}},"23":{"name":"constructor","line":330,"loc":{"start":{"line":330,"column":4},"end":{"line":330,"column":97}}},"24":{"name":"transfer","line":340,"loc":{"start":{"line":340,"column":4},"end":{"line":340,"column":66}}},"25":{"name":"transferFrom","line":350,"loc":{"start":{"line":350,"column":4},"end":{"line":350,"column":85}}},"26":{"name":"balanceOf","line":360,"loc":{"start":{"line":360,"column":4},"end":{"line":360,"column":64}}},"27":{"name":"approve","line":369,"loc":{"start":{"line":369,"column":4},"end":{"line":369,"column":80}}},"28":{"name":"allowance","line":378,"loc":{"start":{"line":378,"column":4},"end":{"line":378,"column":95}}},"29":{"name":"deprecate","line":387,"loc":{"start":{"line":387,"column":4},"end":{"line":387,"column":63}}},"30":{"name":"totalSupply","line":394,"loc":{"start":{"line":394,"column":4},"end":{"line":394,"column":55}}},"31":{"name":"issue","line":406,"loc":{"start":{"line":406,"column":4},"end":{"line":406,"column":46}}},"32":{"name":"redeem","line":420,"loc":{"start":{"line":420,"column":4},"end":{"line":420,"column":47}}},"33":{"name":"setParams","line":429,"loc":{"start":{"line":429,"column":4},"end":{"line":429,"column":74}}}},"statementMap":{"1":{"start":{"line":13,"column":8},"end":{"line":13,"column":292}},"2":{"start":{"line":14,"column":12},"end":{"line":14,"column":20}},"3":{"start":{"line":16,"column":8},"end":{"line":16,"column":25}},"4":{"start":{"line":17,"column":8},"end":{"line":17,"column":26}},"5":{"start":{"line":18,"column":8},"end":{"line":18,"column":16}},"6":{"start":{"line":23,"column":8},"end":{"line":23,"column":25}},"7":{"start":{"line":25,"column":8},"end":{"line":25,"column":16}},"8":{"start":{"line":29,"column":8},"end":{"line":29,"column":22}},"9":{"start":{"line":30,"column":8},"end":{"line":30,"column":20}},"10":{"start":{"line":34,"column":8},"end":{"line":34,"column":25}},"11":{"start":{"line":35,"column":8},"end":{"line":35,"column":22}},"12":{"start":{"line":36,"column":8},"end":{"line":36,"column":16}},"13":{"start":{"line":53,"column":8},"end":{"line":53,"column":25}},"14":{"start":{"line":60,"column":8},"end":{"line":60,"column":35}},"15":{"start":{"line":69,"column":8},"end":{"line":69,"column":1824}},"16":{"start":{"line":70,"column":12},"end":{"line":70,"column":27}},"17":{"start":{"line":117,"column":8},"end":{"line":117,"column":45}},"18":{"start":{"line":127,"column":8},"end":{"line":127,"column":59}},"19":{"start":{"line":128,"column":8},"end":{"line":128,"column":3605}},"20":{"start":{"line":129,"column":12},"end":{"line":129,"column":27}},"21":{"start":{"line":131,"column":8},"end":{"line":131,"column":41}},"22":{"start":{"line":132,"column":8},"end":{"line":132,"column":62}},"23":{"start":{"line":133,"column":8},"end":{"line":133,"column":52}},"24":{"start":{"line":134,"column":8},"end":{"line":134,"column":3840}},"25":{"start":{"line":135,"column":12},"end":{"line":135,"column":53}},"26":{"start":{"line":136,"column":12},"end":{"line":136,"column":43}},"27":{"start":{"line":138,"column":8},"end":{"line":138,"column":44}},"28":{"start":{"line":147,"column":8},"end":{"line":147,"column":31}},"29":{"start":{"line":172,"column":8},"end":{"line":172,"column":51}},"30":{"start":{"line":177,"column":8},"end":{"line":177,"column":59}},"31":{"start":{"line":178,"column":8},"end":{"line":178,"column":5432}},"32":{"start":{"line":179,"column":12},"end":{"line":179,"column":27}},"33":{"start":{"line":181,"column":8},"end":{"line":181,"column":5504}},"34":{"start":{"line":182,"column":12},"end":{"line":182,"column":62}},"35":{"start":{"line":184,"column":8},"end":{"line":184,"column":41}},"36":{"start":{"line":185,"column":8},"end":{"line":185,"column":52}},"37":{"start":{"line":186,"column":8},"end":{"line":186,"column":52}},"38":{"start":{"line":187,"column":8},"end":{"line":187,"column":5769}},"39":{"start":{"line":188,"column":12},"end":{"line":188,"column":53}},"40":{"start":{"line":189,"column":12},"end":{"line":189,"column":38}},"41":{"start":{"line":191,"column":8},"end":{"line":191,"column":39}},"42":{"start":{"line":205,"column":8},"end":{"line":205,"column":72}},"43":{"start":{"line":207,"column":8},"end":{"line":207,"column":45}},"44":{"start":{"line":208,"column":8},"end":{"line":208,"column":45}},"45":{"start":{"line":218,"column":8},"end":{"line":218,"column":40}},"46":{"start":{"line":239,"column":4},"end":{"line":239,"column":19}},"47":{"start":{"line":247,"column":4},"end":{"line":247,"column":18}},"48":{"start":{"line":255,"column":4},"end":{"line":255,"column":16}},"49":{"start":{"line":256,"column":4},"end":{"line":256,"column":10}},"50":{"start":{"line":263,"column":4},"end":{"line":263,"column":17}},"51":{"start":{"line":264,"column":4},"end":{"line":264,"column":12}},"52":{"start":{"line":272,"column":8},"end":{"line":272,"column":36}},"53":{"start":{"line":276,"column":8},"end":{"line":276,"column":20}},"54":{"start":{"line":282,"column":8},"end":{"line":282,"column":38}},"55":{"start":{"line":283,"column":8},"end":{"line":283,"column":32}},"56":{"start":{"line":287,"column":8},"end":{"line":287,"column":42}},"57":{"start":{"line":288,"column":8},"end":{"line":288,"column":37}},"58":{"start":{"line":292,"column":8},"end":{"line":292,"column":47}},"59":{"start":{"line":293,"column":8},"end":{"line":293,"column":53}},"60":{"start":{"line":294,"column":8},"end":{"line":294,"column":37}},"61":{"start":{"line":295,"column":8},"end":{"line":295,"column":33}},"62":{"start":{"line":296,"column":8},"end":{"line":296,"column":56}},"63":{"start":{"line":331,"column":8},"end":{"line":331,"column":36}},"64":{"start":{"line":332,"column":8},"end":{"line":332,"column":19}},"65":{"start":{"line":333,"column":8},"end":{"line":333,"column":23}},"66":{"start":{"line":334,"column":8},"end":{"line":334,"column":27}},"67":{"start":{"line":335,"column":8},"end":{"line":335,"column":39}},"68":{"start":{"line":336,"column":8},"end":{"line":336,"column":25}},"69":{"start":{"line":341,"column":8},"end":{"line":341,"column":42}},"70":{"start":{"line":342,"column":8},"end":{"line":342,"column":10726}},"71":{"start":{"line":343,"column":12},"end":{"line":343,"column":99}},"72":{"start":{"line":345,"column":12},"end":{"line":345,"column":46}},"73":{"start":{"line":351,"column":8},"end":{"line":351,"column":37}},"74":{"start":{"line":352,"column":8},"end":{"line":352,"column":11141}},"75":{"start":{"line":353,"column":12},"end":{"line":353,"column":110}},"76":{"start":{"line":355,"column":12},"end":{"line":355,"column":57}},"77":{"start":{"line":361,"column":8},"end":{"line":361,"column":11517}},"78":{"start":{"line":362,"column":12},"end":{"line":362,"column":72}},"79":{"start":{"line":364,"column":12},"end":{"line":364,"column":39}},"80":{"start":{"line":370,"column":8},"end":{"line":370,"column":11853}},"81":{"start":{"line":371,"column":12},"end":{"line":371,"column":103}},"82":{"start":{"line":373,"column":12},"end":{"line":373,"column":50}},"83":{"start":{"line":379,"column":8},"end":{"line":379,"column":12246}},"84":{"start":{"line":380,"column":12},"end":{"line":380,"column":77}},"85":{"start":{"line":382,"column":12},"end":{"line":382,"column":52}},"86":{"start":{"line":388,"column":8},"end":{"line":388,"column":24}},"87":{"start":{"line":389,"column":8},"end":{"line":389,"column":41}},"88":{"start":{"line":390,"column":8},"end":{"line":390,"column":34}},"89":{"start":{"line":395,"column":8},"end":{"line":395,"column":12796}},"90":{"start":{"line":396,"column":12},"end":{"line":396,"column":63}},"91":{"start":{"line":398,"column":12},"end":{"line":398,"column":31}},"92":{"start":{"line":407,"column":8},"end":{"line":407,"column":52}},"93":{"start":{"line":408,"column":8},"end":{"line":408,"column":58}},"94":{"start":{"line":410,"column":8},"end":{"line":410,"column":32}},"95":{"start":{"line":411,"column":8},"end":{"line":411,"column":29}},"96":{"start":{"line":412,"column":8},"end":{"line":412,"column":20}},"97":{"start":{"line":421,"column":8},"end":{"line":421,"column":38}},"98":{"start":{"line":422,"column":8},"end":{"line":422,"column":41}},"99":{"start":{"line":424,"column":8},"end":{"line":424,"column":29}},"100":{"start":{"line":425,"column":8},"end":{"line":425,"column":32}},"101":{"start":{"line":426,"column":8},"end":{"line":426,"column":21}},"102":{"start":{"line":431,"column":8},"end":{"line":431,"column":35}},"103":{"start":{"line":432,"column":8},"end":{"line":432,"column":30}},"104":{"start":{"line":434,"column":8},"end":{"line":434,"column":39}},"105":{"start":{"line":435,"column":8},"end":{"line":435,"column":47}},"106":{"start":{"line":437,"column":8},"end":{"line":437,"column":42}}},"branchMap":{"1":{"line":13,"type":"if","locations":[{"start":{"line":13,"column":8},"end":{"line":13,"column":8}},{"start":{"line":13,"column":8},"end":{"line":13,"column":8}}]},"2":{"line":17,"type":"if","locations":[{"start":{"line":17,"column":8},"end":{"line":17,"column":8}},{"start":{"line":17,"column":8},"end":{"line":17,"column":8}}]},"3":{"line":29,"type":"if","locations":[{"start":{"line":29,"column":8},"end":{"line":29,"column":8}},{"start":{"line":29,"column":8},"end":{"line":29,"column":8}}]},"4":{"line":35,"type":"if","locations":[{"start":{"line":35,"column":8},"end":{"line":35,"column":8}},{"start":{"line":35,"column":8},"end":{"line":35,"column":8}}]},"5":{"line":60,"type":"if","locations":[{"start":{"line":60,"column":8},"end":{"line":60,"column":8}},{"start":{"line":60,"column":8},"end":{"line":60,"column":8}}]},"6":{"line":69,"type":"if","locations":[{"start":{"line":69,"column":8},"end":{"line":69,"column":8}},{"start":{"line":69,"column":8},"end":{"line":69,"column":8}}]},"7":{"line":117,"type":"if","locations":[{"start":{"line":117,"column":8},"end":{"line":117,"column":8}},{"start":{"line":117,"column":8},"end":{"line":117,"column":8}}]},"8":{"line":128,"type":"if","locations":[{"start":{"line":128,"column":8},"end":{"line":128,"column":8}},{"start":{"line":128,"column":8},"end":{"line":128,"column":8}}]},"9":{"line":134,"type":"if","locations":[{"start":{"line":134,"column":8},"end":{"line":134,"column":8}},{"start":{"line":134,"column":8},"end":{"line":134,"column":8}}]},"10":{"line":178,"type":"if","locations":[{"start":{"line":178,"column":8},"end":{"line":178,"column":8}},{"start":{"line":178,"column":8},"end":{"line":178,"column":8}}]},"11":{"line":181,"type":"if","locations":[{"start":{"line":181,"column":8},"end":{"line":181,"column":8}},{"start":{"line":181,"column":8},"end":{"line":181,"column":8}}]},"12":{"line":187,"type":"if","locations":[{"start":{"line":187,"column":8},"end":{"line":187,"column":8}},{"start":{"line":187,"column":8},"end":{"line":187,"column":8}}]},"13":{"line":205,"type":"if","locations":[{"start":{"line":205,"column":8},"end":{"line":205,"column":8}},{"start":{"line":205,"column":8},"end":{"line":205,"column":8}}]},"14":{"line":239,"type":"if","locations":[{"start":{"line":239,"column":4},"end":{"line":239,"column":4}},{"start":{"line":239,"column":4},"end":{"line":239,"column":4}}]},"15":{"line":247,"type":"if","locations":[{"start":{"line":247,"column":4},"end":{"line":247,"column":4}},{"start":{"line":247,"column":4},"end":{"line":247,"column":4}}]},"16":{"line":292,"type":"if","locations":[{"start":{"line":292,"column":8},"end":{"line":292,"column":8}},{"start":{"line":292,"column":8},"end":{"line":292,"column":8}}]},"17":{"line":341,"type":"if","locations":[{"start":{"line":341,"column":8},"end":{"line":341,"column":8}},{"start":{"line":341,"column":8},"end":{"line":341,"column":8}}]},"18":{"line":342,"type":"if","locations":[{"start":{"line":342,"column":8},"end":{"line":342,"column":8}},{"start":{"line":342,"column":8},"end":{"line":342,"column":8}}]},"19":{"line":351,"type":"if","locations":[{"start":{"line":351,"column":8},"end":{"line":351,"column":8}},{"start":{"line":351,"column":8},"end":{"line":351,"column":8}}]},"20":{"line":352,"type":"if","locations":[{"start":{"line":352,"column":8},"end":{"line":352,"column":8}},{"start":{"line":352,"column":8},"end":{"line":352,"column":8}}]},"21":{"line":361,"type":"if","locations":[{"start":{"line":361,"column":8},"end":{"line":361,"column":8}},{"start":{"line":361,"column":8},"end":{"line":361,"column":8}}]},"22":{"line":370,"type":"if","locations":[{"start":{"line":370,"column":8},"end":{"line":370,"column":8}},{"start":{"line":370,"column":8},"end":{"line":370,"column":8}}]},"23":{"line":379,"type":"if","locations":[{"start":{"line":379,"column":8},"end":{"line":379,"column":8}},{"start":{"line":379,"column":8},"end":{"line":379,"column":8}}]},"24":{"line":395,"type":"if","locations":[{"start":{"line":395,"column":8},"end":{"line":395,"column":8}},{"start":{"line":395,"column":8},"end":{"line":395,"column":8}}]},"25":{"line":407,"type":"if","locations":[{"start":{"line":407,"column":8},"end":{"line":407,"column":8}},{"start":{"line":407,"column":8},"end":{"line":407,"column":8}}]},"26":{"line":408,"type":"if","locations":[{"start":{"line":408,"column":8},"end":{"line":408,"column":8}},{"start":{"line":408,"column":8},"end":{"line":408,"column":8}}]},"27":{"line":421,"type":"if","locations":[{"start":{"line":421,"column":8},"end":{"line":421,"column":8}},{"start":{"line":421,"column":8},"end":{"line":421,"column":8}}]},"28":{"line":422,"type":"if","locations":[{"start":{"line":422,"column":8},"end":{"line":422,"column":8}},{"start":{"line":422,"column":8},"end":{"line":422,"column":8}}]},"29":{"line":431,"type":"if","locations":[{"start":{"line":431,"column":8},"end":{"line":431,"column":8}},{"start":{"line":431,"column":8},"end":{"line":431,"column":8}}]},"30":{"line":432,"type":"if","locations":[{"start":{"line":432,"column":8},"end":{"line":432,"column":8}},{"start":{"line":432,"column":8},"end":{"line":432,"column":8}}]}}}}