{"contracts/EIP20.sol":{"l":{"32":34,"33":34,"34":34,"35":34,"36":34,"40":6,"41":4,"42":4,"43":4,"44":4,"48":13,"49":13,"50":7,"51":7,"52":7,"53":6,"55":7,"56":7,"60":16,"64":9,"65":9,"66":9,"70":10},"path":"/home/honeybadger/playground/consensys_unittest/test/Consensys/contracts/EIP20.sol","s":{"1":34,"2":34,"3":34,"4":34,"5":34,"6":6,"7":4,"8":4,"9":4,"10":4,"11":13,"12":13,"13":7,"14":7,"15":7,"16":6,"17":7,"18":7,"19":16,"20":9,"21":9,"22":9,"23":10},"b":{"1":[4,2],"2":[7,6],"3":[6,1]},"f":{"1":34,"2":6,"3":13,"4":16,"5":9,"6":10},"fnMap":{"1":{"name":"constructor","line":26,"loc":{"start":{"line":26,"column":4},"end":{"line":31,"column":14}}},"2":{"name":"transfer","line":39,"loc":{"start":{"line":39,"column":4},"end":{"line":39,"column":78}}},"3":{"name":"transferFrom","line":47,"loc":{"start":{"line":47,"column":4},"end":{"line":47,"column":97}}},"4":{"name":"balanceOf","line":59,"loc":{"start":{"line":59,"column":4},"end":{"line":59,"column":74}}},"5":{"name":"approve","line":63,"loc":{"start":{"line":63,"column":4},"end":{"line":63,"column":82}}},"6":{"name":"allowance","line":69,"loc":{"start":{"line":69,"column":4},"end":{"line":69,"column":94}}}},"statementMap":{"1":{"start":{"line":32,"column":8},"end":{"line":32,"column":44}},"2":{"start":{"line":33,"column":8},"end":{"line":33,"column":35}},"3":{"start":{"line":34,"column":8},"end":{"line":34,"column":24}},"4":{"start":{"line":35,"column":8},"end":{"line":35,"column":31}},"5":{"start":{"line":36,"column":8},"end":{"line":36,"column":28}},"6":{"start":{"line":40,"column":8},"end":{"line":40,"column":46}},"7":{"start":{"line":41,"column":8},"end":{"line":41,"column":37}},"8":{"start":{"line":42,"column":8},"end":{"line":42,"column":30}},"9":{"start":{"line":43,"column":8},"end":{"line":43,"column":40}},"10":{"start":{"line":44,"column":8},"end":{"line":44,"column":19}},"11":{"start":{"line":48,"column":8},"end":{"line":48,"column":54}},"12":{"start":{"line":49,"column":8},"end":{"line":49,"column":64}},"13":{"start":{"line":50,"column":8},"end":{"line":50,"column":30}},"14":{"start":{"line":51,"column":8},"end":{"line":51,"column":32}},"15":{"start":{"line":52,"column":8},"end":{"line":52,"column":2098}},"16":{"start":{"line":53,"column":12},"end":{"line":53,"column":47}},"17":{"start":{"line":55,"column":8},"end":{"line":55,"column":35}},"18":{"start":{"line":56,"column":8},"end":{"line":56,"column":19}},"19":{"start":{"line":60,"column":8},"end":{"line":60,"column":31}},"20":{"start":{"line":64,"column":8},"end":{"line":64,"column":45}},"21":{"start":{"line":65,"column":8},"end":{"line":65,"column":45}},"22":{"start":{"line":66,"column":8},"end":{"line":66,"column":19}},"23":{"start":{"line":70,"column":8},"end":{"line":70,"column":40}}},"branchMap":{"1":{"line":40,"type":"if","locations":[{"start":{"line":40,"column":8},"end":{"line":40,"column":8}},{"start":{"line":40,"column":8},"end":{"line":40,"column":8}}]},"2":{"line":49,"type":"if","locations":[{"start":{"line":49,"column":8},"end":{"line":49,"column":8}},{"start":{"line":49,"column":8},"end":{"line":49,"column":8}}]},"3":{"line":52,"type":"if","locations":[{"start":{"line":52,"column":8},"end":{"line":52,"column":8}},{"start":{"line":52,"column":8},"end":{"line":52,"column":8}}]}}},"contracts/EIP20Interface.sol":{"l":{},"path":"/home/honeybadger/playground/consensys_unittest/test/Consensys/contracts/EIP20Interface.sol","s":{},"b":{},"f":{},"fnMap":{},"statementMap":{},"branchMap":{}}}