{"contracts/BitAseanToken.sol":{"l":{"11":34,"15":0,"16":0,"49":34,"50":34,"51":34,"52":34,"53":34,"58":0,"59":0,"60":0,"61":0,"62":0,"68":9,"69":9,"75":0,"76":0,"77":0,"78":0,"84":0,"85":0,"86":0,"87":0,"88":0,"89":0,"90":0,"91":0,"96":0,"118":6,"119":4,"120":4,"121":4,"122":4,"123":4,"129":13,"130":13,"131":13,"132":13,"133":7,"134":7,"135":7,"136":7,"137":7,"141":0,"142":0,"143":0,"144":0,"148":0,"149":0},"path":"/home/honeybadger/playground/consensys_unittest/test/BitAseanToken/contracts/BitAseanToken.sol","s":{"1":34,"2":0,"3":0,"4":34,"5":34,"6":34,"7":34,"8":34,"9":0,"10":0,"11":0,"12":0,"13":0,"14":0,"15":0,"16":9,"17":9,"18":0,"19":0,"20":0,"21":0,"22":0,"23":0,"24":0,"25":0,"26":0,"27":0,"28":0,"29":0,"30":0,"31":0,"32":0,"33":0,"34":6,"35":2,"36":4,"37":0,"38":4,"39":0,"40":4,"41":4,"42":4,"43":13,"44":0,"45":13,"46":0,"47":13,"48":0,"49":13,"50":6,"51":7,"52":7,"53":7,"54":7,"55":7,"56":0,"57":0,"58":0,"59":0,"60":0,"61":0},"b":{"1":[0,0],"2":[0,0],"3":[0,0],"4":[0,0],"5":[0,0],"6":[0,0],"7":[0,0],"8":[2,4],"9":[0,4],"10":[0,4],"11":[0,13],"12":[0,13],"13":[0,13],"14":[6,7]},"f":{"1":34,"2":0,"3":34,"4":0,"5":9,"6":0,"7":0,"8":0,"9":34,"10":6,"11":13,"12":0,"13":0},"fnMap":{"1":{"name":"constructor","line":10,"loc":{"start":{"line":10,"column":4},"end":{"line":10,"column":18}}},"2":{"name":"onlyOwner","line":14,"loc":{"start":{"line":14,"column":4},"end":{"line":14,"column":20}}},"3":{"name":"constructor","line":43,"loc":{"start":{"line":43,"column":4},"end":{"line":48,"column":11}}},"4":{"name":"transfer","line":57,"loc":{"start":{"line":57,"column":4},"end":{"line":57,"column":48}}},"5":{"name":"approve","line":66,"loc":{"start":{"line":66,"column":4},"end":{"line":67,"column":32}}},"6":{"name":"approveAndCall","line":73,"loc":{"start":{"line":73,"column":4},"end":{"line":74,"column":32}}},"7":{"name":"transferFrom","line":83,"loc":{"start":{"line":83,"column":4},"end":{"line":83,"column":90}}},"8":{"name":"","line":95,"loc":{"start":{"line":95,"column":4},"end":{"line":95,"column":13}}},"9":{"name":"constructor","line":108,"loc":{"start":{"line":108,"column":4},"end":{"line":113,"column":67}}},"10":{"name":"transfer","line":117,"loc":{"start":{"line":117,"column":4},"end":{"line":117,"column":48}}},"11":{"name":"transferFrom","line":128,"loc":{"start":{"line":128,"column":4},"end":{"line":128,"column":90}}},"12":{"name":"mintToken","line":140,"loc":{"start":{"line":140,"column":4},"end":{"line":140,"column":68}}},"13":{"name":"freezeAccount","line":147,"loc":{"start":{"line":147,"column":4},"end":{"line":147,"column":63}}}},"statementMap":{"1":{"start":{"line":11,"column":8},"end":{"line":11,"column":25}},"2":{"start":{"line":15,"column":8},"end":{"line":15,"column":41}},"3":{"start":{"line":15,"column":33},"end":{"line":15,"column":40}},"4":{"start":{"line":49,"column":8},"end":{"line":49,"column":44}},"5":{"start":{"line":50,"column":8},"end":{"line":50,"column":34}},"6":{"start":{"line":51,"column":8},"end":{"line":51,"column":23}},"7":{"start":{"line":52,"column":8},"end":{"line":52,"column":27}},"8":{"start":{"line":53,"column":8},"end":{"line":53,"column":30}},"9":{"start":{"line":58,"column":8},"end":{"line":58,"column":52}},"10":{"start":{"line":58,"column":44},"end":{"line":58,"column":51}},"11":{"start":{"line":59,"column":8},"end":{"line":59,"column":62}},"12":{"start":{"line":59,"column":54},"end":{"line":59,"column":61}},"13":{"start":{"line":60,"column":8},"end":{"line":60,"column":38}},"14":{"start":{"line":61,"column":8},"end":{"line":61,"column":31}},"15":{"start":{"line":62,"column":8},"end":{"line":62,"column":40}},"16":{"start":{"line":68,"column":8},"end":{"line":68,"column":47}},"17":{"start":{"line":69,"column":8},"end":{"line":69,"column":19}},"18":{"start":{"line":75,"column":8},"end":{"line":75,"column":57}},"19":{"start":{"line":76,"column":8},"end":{"line":76,"column":2764}},"20":{"start":{"line":77,"column":12},"end":{"line":77,"column":72}},"21":{"start":{"line":78,"column":12},"end":{"line":78,"column":23}},"22":{"start":{"line":84,"column":8},"end":{"line":84,"column":47}},"23":{"start":{"line":84,"column":39},"end":{"line":84,"column":46}},"24":{"start":{"line":85,"column":8},"end":{"line":85,"column":62}},"25":{"start":{"line":85,"column":54},"end":{"line":85,"column":61}},"26":{"start":{"line":86,"column":8},"end":{"line":86,"column":59}},"27":{"start":{"line":86,"column":51},"end":{"line":86,"column":58}},"28":{"start":{"line":87,"column":8},"end":{"line":87,"column":33}},"29":{"start":{"line":88,"column":8},"end":{"line":88,"column":31}},"30":{"start":{"line":89,"column":8},"end":{"line":89,"column":45}},"31":{"start":{"line":90,"column":8},"end":{"line":90,"column":35}},"32":{"start":{"line":91,"column":8},"end":{"line":91,"column":19}},"33":{"start":{"line":96,"column":8},"end":{"line":96,"column":15}},"34":{"start":{"line":118,"column":8},"end":{"line":118,"column":52}},"35":{"start":{"line":118,"column":44},"end":{"line":118,"column":51}},"36":{"start":{"line":119,"column":8},"end":{"line":119,"column":62}},"37":{"start":{"line":119,"column":54},"end":{"line":119,"column":61}},"38":{"start":{"line":120,"column":8},"end":{"line":120,"column":47}},"39":{"start":{"line":120,"column":39},"end":{"line":120,"column":46}},"40":{"start":{"line":121,"column":8},"end":{"line":121,"column":38}},"41":{"start":{"line":122,"column":8},"end":{"line":122,"column":31}},"42":{"start":{"line":123,"column":8},"end":{"line":123,"column":40}},"43":{"start":{"line":129,"column":8},"end":{"line":129,"column":42}},"44":{"start":{"line":129,"column":34},"end":{"line":129,"column":41}},"45":{"start":{"line":130,"column":8},"end":{"line":130,"column":47}},"46":{"start":{"line":130,"column":39},"end":{"line":130,"column":46}},"47":{"start":{"line":131,"column":8},"end":{"line":131,"column":62}},"48":{"start":{"line":131,"column":54},"end":{"line":131,"column":61}},"49":{"start":{"line":132,"column":8},"end":{"line":132,"column":59}},"50":{"start":{"line":132,"column":51},"end":{"line":132,"column":58}},"51":{"start":{"line":133,"column":8},"end":{"line":133,"column":33}},"52":{"start":{"line":134,"column":8},"end":{"line":134,"column":31}},"53":{"start":{"line":135,"column":8},"end":{"line":135,"column":45}},"54":{"start":{"line":136,"column":8},"end":{"line":136,"column":35}},"55":{"start":{"line":137,"column":8},"end":{"line":137,"column":19}},"56":{"start":{"line":141,"column":8},"end":{"line":141,"column":40}},"57":{"start":{"line":142,"column":8},"end":{"line":142,"column":34}},"58":{"start":{"line":143,"column":8},"end":{"line":143,"column":38}},"59":{"start":{"line":144,"column":8},"end":{"line":144,"column":43}},"60":{"start":{"line":148,"column":8},"end":{"line":148,"column":37}},"61":{"start":{"line":149,"column":8},"end":{"line":149,"column":34}}},"branchMap":{"1":{"line":15,"type":"if","locations":[{"start":{"line":15,"column":8},"end":{"line":15,"column":8}},{"start":{"line":15,"column":8},"end":{"line":15,"column":8}}]},"2":{"line":58,"type":"if","locations":[{"start":{"line":58,"column":8},"end":{"line":58,"column":8}},{"start":{"line":58,"column":8},"end":{"line":58,"column":8}}]},"3":{"line":59,"type":"if","locations":[{"start":{"line":59,"column":8},"end":{"line":59,"column":8}},{"start":{"line":59,"column":8},"end":{"line":59,"column":8}}]},"4":{"line":76,"type":"if","locations":[{"start":{"line":76,"column":8},"end":{"line":76,"column":8}},{"start":{"line":76,"column":8},"end":{"line":76,"column":8}}]},"5":{"line":84,"type":"if","locations":[{"start":{"line":84,"column":8},"end":{"line":84,"column":8}},{"start":{"line":84,"column":8},"end":{"line":84,"column":8}}]},"6":{"line":85,"type":"if","locations":[{"start":{"line":85,"column":8},"end":{"line":85,"column":8}},{"start":{"line":85,"column":8},"end":{"line":85,"column":8}}]},"7":{"line":86,"type":"if","locations":[{"start":{"line":86,"column":8},"end":{"line":86,"column":8}},{"start":{"line":86,"column":8},"end":{"line":86,"column":8}}]},"8":{"line":118,"type":"if","locations":[{"start":{"line":118,"column":8},"end":{"line":118,"column":8}},{"start":{"line":118,"column":8},"end":{"line":118,"column":8}}]},"9":{"line":119,"type":"if","locations":[{"start":{"line":119,"column":8},"end":{"line":119,"column":8}},{"start":{"line":119,"column":8},"end":{"line":119,"column":8}}]},"10":{"line":120,"type":"if","locations":[{"start":{"line":120,"column":8},"end":{"line":120,"column":8}},{"start":{"line":120,"column":8},"end":{"line":120,"column":8}}]},"11":{"line":129,"type":"if","locations":[{"start":{"line":129,"column":8},"end":{"line":129,"column":8}},{"start":{"line":129,"column":8},"end":{"line":129,"column":8}}]},"12":{"line":130,"type":"if","locations":[{"start":{"line":130,"column":8},"end":{"line":130,"column":8}},{"start":{"line":130,"column":8},"end":{"line":130,"column":8}}]},"13":{"line":131,"type":"if","locations":[{"start":{"line":131,"column":8},"end":{"line":131,"column":8}},{"start":{"line":131,"column":8},"end":{"line":131,"column":8}}]},"14":{"line":132,"type":"if","locations":[{"start":{"line":132,"column":8},"end":{"line":132,"column":8}},{"start":{"line":132,"column":8},"end":{"line":132,"column":8}}]}}}}